{"/Users/Jacob/Desktop/currency/app/index.js": {"path":"/Users/Jacob/Desktop/currency/app/index.js","statementMap":{"0":{"start":{"line":1,"column":0},"end":{"line":1,"column":57}},"1":{"start":{"line":1,"column":68},"end":{"line":1,"column":84}},"2":{"start":{"line":1,"column":97},"end":{"line":1,"column":127}},"3":{"start":{"line":2,"column":16},"end":{"line":2,"column":38}},"4":{"start":{"line":3,"column":35},"end":{"line":3,"column":78}},"5":{"start":{"line":3,"column":115},"end":{"line":3,"column":169}},"6":{"start":{"line":4,"column":11},"end":{"line":4,"column":36}},"7":{"start":{"line":4,"column":49},"end":{"line":4,"column":79}},"8":{"start":{"line":5,"column":19},"end":{"line":5,"column":62}},"9":{"start":{"line":5,"column":83},"end":{"line":5,"column":121}},"10":{"start":{"line":6,"column":11},"end":{"line":6,"column":36}},"11":{"start":{"line":6,"column":49},"end":{"line":6,"column":79}},"12":{"start":{"line":6,"column":117},"end":{"line":6,"column":162}},"13":{"start":{"line":8,"column":0},"end":{"line":18,"column":22}},"14":{"start":{"line":18,"column":22},"end":{"line":24,"column":83}},"15":{"start":{"line":21,"column":11},"end":{"line":24,"column":81}}},"fnMap":{"0":{"name":"_interopRequireDefault","decl":{"start":{"line":6,"column":89},"end":{"line":6,"column":111}},"loc":{"start":{"line":6,"column":116},"end":{"line":6,"column":163}},"line":6},"1":{"name":"(anonymous_1)","decl":{"start":{"line":21,"column":0},"end":{"line":21,"column":1}},"loc":{"start":{"line":21,"column":10},"end":{"line":24,"column":82}},"line":21}},"branchMap":{"0":{"loc":{"start":{"line":6,"column":124},"end":{"line":6,"column":161}},"type":"cond-expr","locations":[{"start":{"line":6,"column":144},"end":{"line":6,"column":147}},{"start":{"line":6,"column":148},"end":{"line":6,"column":161}}],"line":6},"1":{"loc":{"start":{"line":6,"column":124},"end":{"line":6,"column":143}},"type":"binary-expr","locations":[{"start":{"line":6,"column":124},"end":{"line":6,"column":127}},{"start":{"line":6,"column":129},"end":{"line":6,"column":143}}],"line":6}},"s":{"0":0,"1":0,"2":0,"3":0,"4":0,"5":0,"6":0,"7":0,"8":0,"9":0,"10":0,"11":0,"12":0,"13":0,"14":0,"15":0},"f":{"0":0,"1":0},"b":{"0":[0,0],"1":[0,0]}}
,"/Users/Jacob/Desktop/currency/app/actions/currencies.js": {"path":"/Users/Jacob/Desktop/currency/app/actions/currencies.js","statementMap":{"0":{"start":{"line":1,"column":0},"end":{"line":1,"column":57}},"1":{"start":{"line":1,"column":75},"end":{"line":1,"column":112}},"2":{"start":{"line":2,"column":27},"end":{"line":2,"column":82}},"3":{"start":{"line":3,"column":25},"end":{"line":3,"column":76}},"4":{"start":{"line":4,"column":26},"end":{"line":4,"column":79}},"5":{"start":{"line":5,"column":27},"end":{"line":5,"column":82}},"6":{"start":{"line":6,"column":22},"end":{"line":6,"column":67}},"7":{"start":{"line":7,"column":21},"end":{"line":7,"column":64}},"8":{"start":{"line":9,"column":16},"end":{"line":10,"column":21}},"9":{"start":{"line":9,"column":59},"end":{"line":10,"column":20}},"10":{"start":{"line":13,"column":25},"end":{"line":15,"column":28}},"11":{"start":{"line":13,"column":92},"end":{"line":15,"column":27}},"12":{"start":{"line":18,"column":22},"end":{"line":20,"column":20}},"13":{"start":{"line":18,"column":85},"end":{"line":20,"column":19}},"14":{"start":{"line":23,"column":23},"end":{"line":25,"column":20}},"15":{"start":{"line":23,"column":88},"end":{"line":25,"column":19}},"16":{"start":{"line":28,"column":25},"end":{"line":29,"column":30}},"17":{"start":{"line":28,"column":86},"end":{"line":29,"column":29}}},"fnMap":{"0":{"name":"swapCurrecy","decl":{"start":{"line":9,"column":45},"end":{"line":9,"column":56}},"loc":{"start":{"line":9,"column":58},"end":{"line":10,"column":21}},"line":9},"1":{"name":"changeCurrencyAmount","decl":{"start":{"line":13,"column":63},"end":{"line":13,"column":83}},"loc":{"start":{"line":13,"column":91},"end":{"line":15,"column":28}},"line":13},"2":{"name":"chageBaseCurrency","decl":{"start":{"line":18,"column":57},"end":{"line":18,"column":74}},"loc":{"start":{"line":18,"column":84},"end":{"line":20,"column":20}},"line":18},"3":{"name":"chageQuoteCurrency","decl":{"start":{"line":23,"column":59},"end":{"line":23,"column":77}},"loc":{"start":{"line":23,"column":87},"end":{"line":25,"column":20}},"line":23},"4":{"name":"getInitialConversion","decl":{"start":{"line":28,"column":63},"end":{"line":28,"column":83}},"loc":{"start":{"line":28,"column":85},"end":{"line":29,"column":30}},"line":28}},"branchMap":{},"s":{"0":0,"1":0,"2":0,"3":0,"4":0,"5":0,"6":0,"7":0,"8":0,"9":0,"10":0,"11":0,"12":0,"13":0,"14":0,"15":0,"16":0,"17":0},"f":{"0":0,"1":0,"2":0,"3":0,"4":0},"b":{}}
,"/Users/Jacob/Desktop/currency/app/actions/network.js": {"path":"/Users/Jacob/Desktop/currency/app/actions/network.js","statementMap":{"0":{"start":{"line":1,"column":0},"end":{"line":1,"column":57}},"1":{"start":{"line":1,"column":83},"end":{"line":1,"column":136}},"2":{"start":{"line":3,"column":24},"end":{"line":5,"column":16}},"3":{"start":{"line":3,"column":89},"end":{"line":5,"column":15}}},"fnMap":{"0":{"name":"changeNetworkStatus","decl":{"start":{"line":3,"column":61},"end":{"line":3,"column":80}},"loc":{"start":{"line":3,"column":88},"end":{"line":5,"column":16}},"line":3}},"branchMap":{},"s":{"0":0,"1":0,"2":0,"3":0},"f":{"0":0},"b":{}}
,"/Users/Jacob/Desktop/currency/app/actions/themes.js": {"path":"/Users/Jacob/Desktop/currency/app/actions/themes.js","statementMap":{"0":{"start":{"line":1,"column":0},"end":{"line":1,"column":57}},"1":{"start":{"line":1,"column":82},"end":{"line":1,"column":133}},"2":{"start":{"line":3,"column":16},"end":{"line":5,"column":14}},"3":{"start":{"line":3,"column":64},"end":{"line":5,"column":13}}},"fnMap":{"0":{"name":"changeTheme","decl":{"start":{"line":3,"column":45},"end":{"line":3,"column":56}},"loc":{"start":{"line":3,"column":63},"end":{"line":5,"column":14}},"line":3}},"branchMap":{},"s":{"0":0,"1":0,"2":0,"3":0},"f":{"0":0},"b":{}}
,"/Users/Jacob/Desktop/currency/app/components/Alert/AlertProvider.js": {"path":"/Users/Jacob/Desktop/currency/app/components/Alert/AlertProvider.js","statementMap":{"0":{"start":{"line":1,"column":0},"end":{"line":1,"column":57}},"1":{"start":{"line":1,"column":74},"end":{"line":1,"column":566}},"2":{"start":{"line":1,"column":125},"end":{"line":1,"column":367}},"3":{"start":{"line":1,"column":172},"end":{"line":1,"column":180}},"4":{"start":{"line":1,"column":181},"end":{"line":1,"column":232}},"5":{"start":{"line":1,"column":232},"end":{"line":1,"column":261}},"6":{"start":{"line":1,"column":261},"end":{"line":1,"column":310}},"7":{"start":{"line":1,"column":285},"end":{"line":1,"column":310}},"8":{"start":{"line":1,"column":310},"end":{"line":1,"column":366}},"9":{"start":{"line":1,"column":368},"end":{"line":1,"column":563}},"10":{"start":{"line":1,"column":420},"end":{"line":1,"column":485}},"11":{"start":{"line":1,"column":434},"end":{"line":1,"column":485}},"12":{"start":{"line":1,"column":485},"end":{"line":1,"column":542}},"13":{"start":{"line":1,"column":500},"end":{"line":1,"column":542}},"14":{"start":{"line":1,"column":542},"end":{"line":1,"column":561}},"15":{"start":{"line":1,"column":599},"end":{"line":1,"column":620}},"16":{"start":{"line":1,"column":637},"end":{"line":1,"column":671}},"17":{"start":{"line":2,"column":11},"end":{"line":2,"column":27}},"18":{"start":{"line":2,"column":40},"end":{"line":2,"column":70}},"19":{"start":{"line":3,"column":17},"end":{"line":3,"column":40}},"20":{"start":{"line":4,"column":30},"end":{"line":4,"column":67}},"21":{"start":{"line":4,"column":99},"end":{"line":4,"column":148}},"22":{"start":{"line":4,"column":186},"end":{"line":4,"column":231}},"23":{"start":{"line":4,"column":279},"end":{"line":4,"column":376}},"24":{"start":{"line":4,"column":318},"end":{"line":4,"column":375}},"25":{"start":{"line":4,"column":424},"end":{"line":4,"column":521}},"26":{"start":{"line":4,"column":434},"end":{"line":4,"column":520}},"27":{"start":{"line":4,"column":521},"end":{"line":4,"column":595}},"28":{"start":{"line":4,"column":636},"end":{"line":4,"column":789}},"29":{"start":{"line":4,"column":690},"end":{"line":4,"column":788}},"30":{"start":{"line":4,"column":789},"end":{"line":4,"column":936}},"31":{"start":{"line":4,"column":936},"end":{"line":4,"column":1045}},"32":{"start":{"line":4,"column":950},"end":{"line":4,"column":1045}},"33":{"start":{"line":6,"column":15},"end":{"line":34,"column":200}},"34":{"start":{"line":6,"column":49},"end":{"line":6,"column":85}},"35":{"start":{"line":6,"column":110},"end":{"line":6,"column":146}},"36":{"start":{"line":6,"column":146},"end":{"line":6,"column":272}},"37":{"start":{"line":6,"column":273},"end":{"line":34,"column":5}},"38":{"start":{"line":16,"column":12},"end":{"line":16,"column":16}},"39":{"start":{"line":17,"column":0},"end":{"line":19,"column":134}},"40":{"start":{"line":18,"column":37},"end":{"line":18,"column":104}},"41":{"start":{"line":19,"column":54},"end":{"line":19,"column":131}},"42":{"start":{"line":23,"column":12},"end":{"line":23,"column":16}},"43":{"start":{"line":24,"column":0},"end":{"line":30,"column":6}},"44":{"start":{"line":29,"column":0},"end":{"line":29,"column":21}},"45":{"start":{"line":34,"column":5},"end":{"line":34,"column":26}},"46":{"start":{"line":34,"column":202},"end":{"line":37,"column":14}}},"fnMap":{"0":{"name":"(anonymous_0)","decl":{"start":{"line":1,"column":74},"end":{"line":1,"column":75}},"loc":{"start":{"line":1,"column":84},"end":{"line":1,"column":564}},"line":1},"1":{"name":"defineProperties","decl":{"start":{"line":1,"column":94},"end":{"line":1,"column":110}},"loc":{"start":{"line":1,"column":124},"end":{"line":1,"column":368}},"line":1},"2":{"name":"(anonymous_2)","decl":{"start":{"line":1,"column":375},"end":{"line":1,"column":376}},"loc":{"start":{"line":1,"column":419},"end":{"line":1,"column":562}},"line":1},"3":{"name":"_interopRequireDefault","decl":{"start":{"line":4,"column":158},"end":{"line":4,"column":180}},"loc":{"start":{"line":4,"column":185},"end":{"line":4,"column":232}},"line":4},"4":{"name":"_classCallCheck","decl":{"start":{"line":4,"column":241},"end":{"line":4,"column":256}},"loc":{"start":{"line":4,"column":278},"end":{"line":4,"column":377}},"line":4},"5":{"name":"_possibleConstructorReturn","decl":{"start":{"line":4,"column":386},"end":{"line":4,"column":412}},"loc":{"start":{"line":4,"column":423},"end":{"line":4,"column":596}},"line":4},"6":{"name":"_inherits","decl":{"start":{"line":4,"column":605},"end":{"line":4,"column":614}},"loc":{"start":{"line":4,"column":635},"end":{"line":4,"column":1046}},"line":4},"7":{"name":"(anonymous_7)","decl":{"start":{"line":6,"column":28},"end":{"line":6,"column":29}},"loc":{"start":{"line":6,"column":48},"end":{"line":34,"column":27}},"line":6},"8":{"name":"AlertProvider","decl":{"start":{"line":6,"column":94},"end":{"line":6,"column":107}},"loc":{"start":{"line":6,"column":109},"end":{"line":6,"column":273}},"line":6},"9":{"name":"getChildContext","decl":{"start":{"line":6,"column":339},"end":{"line":6,"column":354}},"loc":{"start":{"line":16,"column":0},"end":{"line":21,"column":1}},"line":16},"10":{"name":"alert","decl":{"start":{"line":18,"column":15},"end":{"line":18,"column":20}},"loc":{"start":{"line":18,"column":22},"end":{"line":18,"column":105}},"line":18},"11":{"name":"alertWithType","decl":{"start":{"line":19,"column":23},"end":{"line":19,"column":36}},"loc":{"start":{"line":19,"column":38},"end":{"line":19,"column":132}},"line":19},"12":{"name":"render","decl":{"start":{"line":21,"column":32},"end":{"line":21,"column":38}},"loc":{"start":{"line":23,"column":0},"end":{"line":34,"column":1}},"line":23},"13":{"name":"ref","decl":{"start":{"line":28,"column":13},"end":{"line":28,"column":16}},"loc":{"start":{"line":28,"column":22},"end":{"line":30,"column":1}},"line":28}},"branchMap":{"0":{"loc":{"start":{"line":1,"column":203},"end":{"line":1,"column":231}},"type":"binary-expr","locations":[{"start":{"line":1,"column":203},"end":{"line":1,"column":224}},{"start":{"line":1,"column":226},"end":{"line":1,"column":231}}],"line":1},"1":{"loc":{"start":{"line":1,"column":261},"end":{"line":1,"column":310}},"type":"if","locations":[{"start":{"line":1,"column":261},"end":{"line":1,"column":310}},{"start":{"line":1,"column":261},"end":{"line":1,"column":310}}],"line":1},"2":{"loc":{"start":{"line":1,"column":420},"end":{"line":1,"column":485}},"type":"if","locations":[{"start":{"line":1,"column":420},"end":{"line":1,"column":485}},{"start":{"line":1,"column":420},"end":{"line":1,"column":485}}],"line":1},"3":{"loc":{"start":{"line":1,"column":485},"end":{"line":1,"column":542}},"type":"if","locations":[{"start":{"line":1,"column":485},"end":{"line":1,"column":542}},{"start":{"line":1,"column":485},"end":{"line":1,"column":542}}],"line":1},"4":{"loc":{"start":{"line":4,"column":193},"end":{"line":4,"column":230}},"type":"cond-expr","locations":[{"start":{"line":4,"column":213},"end":{"line":4,"column":216}},{"start":{"line":4,"column":217},"end":{"line":4,"column":230}}],"line":4},"5":{"loc":{"start":{"line":4,"column":193},"end":{"line":4,"column":212}},"type":"binary-expr","locations":[{"start":{"line":4,"column":193},"end":{"line":4,"column":196}},{"start":{"line":4,"column":198},"end":{"line":4,"column":212}}],"line":4},"6":{"loc":{"start":{"line":4,"column":279},"end":{"line":4,"column":376}},"type":"if","locations":[{"start":{"line":4,"column":279},"end":{"line":4,"column":376}},{"start":{"line":4,"column":279},"end":{"line":4,"column":376}}],"line":4},"7":{"loc":{"start":{"line":4,"column":424},"end":{"line":4,"column":521}},"type":"if","locations":[{"start":{"line":4,"column":424},"end":{"line":4,"column":521}},{"start":{"line":4,"column":424},"end":{"line":4,"column":521}}],"line":4},"8":{"loc":{"start":{"line":4,"column":528},"end":{"line":4,"column":594}},"type":"cond-expr","locations":[{"start":{"line":4,"column":585},"end":{"line":4,"column":589}},{"start":{"line":4,"column":590},"end":{"line":4,"column":594}}],"line":4},"9":{"loc":{"start":{"line":4,"column":528},"end":{"line":4,"column":584}},"type":"binary-expr","locations":[{"start":{"line":4,"column":528},"end":{"line":4,"column":532}},{"start":{"line":4,"column":535},"end":{"line":4,"column":557}},{"start":{"line":4,"column":559},"end":{"line":4,"column":583}}],"line":4},"10":{"loc":{"start":{"line":4,"column":636},"end":{"line":4,"column":789}},"type":"if","locations":[{"start":{"line":4,"column":636},"end":{"line":4,"column":789}},{"start":{"line":4,"column":636},"end":{"line":4,"column":789}}],"line":4},"11":{"loc":{"start":{"line":4,"column":639},"end":{"line":4,"column":688}},"type":"binary-expr","locations":[{"start":{"line":4,"column":639},"end":{"line":4,"column":669}},{"start":{"line":4,"column":671},"end":{"line":4,"column":688}}],"line":4},"12":{"loc":{"start":{"line":4,"column":822},"end":{"line":4,"column":854}},"type":"binary-expr","locations":[{"start":{"line":4,"column":822},"end":{"line":4,"column":832}},{"start":{"line":4,"column":834},"end":{"line":4,"column":854}}],"line":4},"13":{"loc":{"start":{"line":4,"column":936},"end":{"line":4,"column":1045}},"type":"if","locations":[{"start":{"line":4,"column":936},"end":{"line":4,"column":1045}},{"start":{"line":4,"column":936},"end":{"line":4,"column":1045}}],"line":4},"14":{"loc":{"start":{"line":4,"column":950},"end":{"line":4,"column":1044}},"type":"cond-expr","locations":[{"start":{"line":4,"column":972},"end":{"line":4,"column":1014}},{"start":{"line":4,"column":1015},"end":{"line":4,"column":1044}}],"line":4},"15":{"loc":{"start":{"line":6,"column":186},"end":{"line":6,"column":247}},"type":"binary-expr","locations":[{"start":{"line":6,"column":186},"end":{"line":6,"column":209}},{"start":{"line":6,"column":211},"end":{"line":6,"column":247}}],"line":6}},"s":{"0":0,"1":0,"2":0,"3":0,"4":0,"5":0,"6":0,"7":0,"8":0,"9":0,"10":0,"11":0,"12":0,"13":0,"14":0,"15":0,"16":0,"17":0,"18":0,"19":0,"20":0,"21":0,"22":0,"23":0,"24":0,"25":0,"26":0,"27":0,"28":0,"29":0,"30":0,"31":0,"32":0,"33":0,"34":0,"35":0,"36":0,"37":0,"38":0,"39":0,"40":0,"41":0,"42":0,"43":0,"44":0,"45":0,"46":0},"f":{"0":0,"1":0,"2":0,"3":0,"4":0,"5":0,"6":0,"7":0,"8":0,"9":0,"10":0,"11":0,"12":0,"13":0},"b":{"0":[0,0],"1":[0,0],"2":[0,0],"3":[0,0],"4":[0,0],"5":[0,0],"6":[0,0],"7":[0,0],"8":[0,0],"9":[0,0,0],"10":[0,0],"11":[0,0],"12":[0,0],"13":[0,0],"14":[0,0],"15":[0,0]}}
,"/Users/Jacob/Desktop/currency/app/components/Alert/connectAlert.js": {"path":"/Users/Jacob/Desktop/currency/app/components/Alert/connectAlert.js","statementMap":{"0":{"start":{"line":1,"column":0},"end":{"line":1,"column":57}},"1":{"start":{"line":1,"column":70},"end":{"line":1,"column":280}},"2":{"start":{"line":1,"column":102},"end":{"line":1,"column":265}},"3":{"start":{"line":1,"column":149},"end":{"line":1,"column":161}},"4":{"start":{"line":1,"column":162},"end":{"line":1,"column":264}},"5":{"start":{"line":1,"column":185},"end":{"line":1,"column":263}},"6":{"start":{"line":1,"column":238},"end":{"line":1,"column":262}},"7":{"start":{"line":1,"column":265},"end":{"line":1,"column":279}},"8":{"start":{"line":1,"column":298},"end":{"line":1,"column":790}},"9":{"start":{"line":1,"column":349},"end":{"line":1,"column":591}},"10":{"start":{"line":1,"column":396},"end":{"line":1,"column":404}},"11":{"start":{"line":1,"column":405},"end":{"line":1,"column":456}},"12":{"start":{"line":1,"column":456},"end":{"line":1,"column":485}},"13":{"start":{"line":1,"column":485},"end":{"line":1,"column":534}},"14":{"start":{"line":1,"column":509},"end":{"line":1,"column":534}},"15":{"start":{"line":1,"column":534},"end":{"line":1,"column":590}},"16":{"start":{"line":1,"column":592},"end":{"line":1,"column":787}},"17":{"start":{"line":1,"column":644},"end":{"line":1,"column":709}},"18":{"start":{"line":1,"column":658},"end":{"line":1,"column":709}},"19":{"start":{"line":1,"column":709},"end":{"line":1,"column":766}},"20":{"start":{"line":1,"column":724},"end":{"line":1,"column":766}},"21":{"start":{"line":1,"column":766},"end":{"line":1,"column":785}},"22":{"start":{"line":1,"column":806},"end":{"line":1,"column":827}},"23":{"start":{"line":1,"column":844},"end":{"line":1,"column":878}},"24":{"start":{"line":3,"column":11},"end":{"line":3,"column":27}},"25":{"start":{"line":3,"column":40},"end":{"line":3,"column":70}},"26":{"start":{"line":4,"column":26},"end":{"line":4,"column":60}},"27":{"start":{"line":4,"column":88},"end":{"line":4,"column":133}},"28":{"start":{"line":4,"column":171},"end":{"line":4,"column":216}},"29":{"start":{"line":4,"column":264},"end":{"line":4,"column":361}},"30":{"start":{"line":4,"column":303},"end":{"line":4,"column":360}},"31":{"start":{"line":4,"column":409},"end":{"line":4,"column":506}},"32":{"start":{"line":4,"column":419},"end":{"line":4,"column":505}},"33":{"start":{"line":4,"column":506},"end":{"line":4,"column":580}},"34":{"start":{"line":4,"column":621},"end":{"line":4,"column":774}},"35":{"start":{"line":4,"column":675},"end":{"line":4,"column":773}},"36":{"start":{"line":4,"column":774},"end":{"line":4,"column":921}},"37":{"start":{"line":4,"column":921},"end":{"line":4,"column":1030}},"38":{"start":{"line":4,"column":935},"end":{"line":4,"column":1030}},"39":{"start":{"line":6,"column":17},"end":{"line":25,"column":1}},"40":{"start":{"line":7,"column":15},"end":{"line":16,"column":46}},"41":{"start":{"line":7,"column":36},"end":{"line":7,"column":73}},"42":{"start":{"line":7,"column":99},"end":{"line":7,"column":136}},"43":{"start":{"line":7,"column":136},"end":{"line":7,"column":264}},"44":{"start":{"line":7,"column":265},"end":{"line":16,"column":5}},"45":{"start":{"line":9,"column":0},"end":{"line":13,"column":29}},"46":{"start":{"line":16,"column":5},"end":{"line":16,"column":27}},"47":{"start":{"line":19,"column":0},"end":{"line":21,"column":32}},"48":{"start":{"line":24,"column":0},"end":{"line":24,"column":74}},"49":{"start":{"line":25,"column":2},"end":{"line":27,"column":13}}},"fnMap":{"0":{"name":"(anonymous_0)","decl":{"start":{"line":1,"column":85},"end":{"line":1,"column":86}},"loc":{"start":{"line":1,"column":101},"end":{"line":1,"column":280}},"line":1},"1":{"name":"(anonymous_1)","decl":{"start":{"line":1,"column":298},"end":{"line":1,"column":299}},"loc":{"start":{"line":1,"column":308},"end":{"line":1,"column":788}},"line":1},"2":{"name":"defineProperties","decl":{"start":{"line":1,"column":318},"end":{"line":1,"column":334}},"loc":{"start":{"line":1,"column":348},"end":{"line":1,"column":592}},"line":1},"3":{"name":"(anonymous_3)","decl":{"start":{"line":1,"column":599},"end":{"line":1,"column":600}},"loc":{"start":{"line":1,"column":643},"end":{"line":1,"column":786}},"line":1},"4":{"name":"_interopRequireDefault","decl":{"start":{"line":4,"column":143},"end":{"line":4,"column":165}},"loc":{"start":{"line":4,"column":170},"end":{"line":4,"column":217}},"line":4},"5":{"name":"_classCallCheck","decl":{"start":{"line":4,"column":226},"end":{"line":4,"column":241}},"loc":{"start":{"line":4,"column":263},"end":{"line":4,"column":362}},"line":4},"6":{"name":"_possibleConstructorReturn","decl":{"start":{"line":4,"column":371},"end":{"line":4,"column":397}},"loc":{"start":{"line":4,"column":408},"end":{"line":4,"column":581}},"line":4},"7":{"name":"_inherits","decl":{"start":{"line":4,"column":590},"end":{"line":4,"column":599}},"loc":{"start":{"line":4,"column":620},"end":{"line":4,"column":1031}},"line":4},"8":{"name":"connectAlert","decl":{"start":{"line":6,"column":26},"end":{"line":6,"column":38}},"loc":{"start":{"line":6,"column":56},"end":{"line":25,"column":1}},"line":6},"9":{"name":"(anonymous_9)","decl":{"start":{"line":7,"column":15},"end":{"line":7,"column":16}},"loc":{"start":{"line":7,"column":35},"end":{"line":16,"column":28}},"line":7},"10":{"name":"ConnectedAlert","decl":{"start":{"line":7,"column":82},"end":{"line":7,"column":96}},"loc":{"start":{"line":7,"column":98},"end":{"line":7,"column":265}},"line":7},"11":{"name":"render","decl":{"start":{"line":7,"column":323},"end":{"line":7,"column":329}},"loc":{"start":{"line":8,"column":0},"end":{"line":16,"column":1}},"line":8}},"branchMap":{"0":{"loc":{"start":{"line":1,"column":70},"end":{"line":1,"column":280}},"type":"binary-expr","locations":[{"start":{"line":1,"column":70},"end":{"line":1,"column":83}},{"start":{"line":1,"column":85},"end":{"line":1,"column":280}}],"line":1},"1":{"loc":{"start":{"line":1,"column":185},"end":{"line":1,"column":263}},"type":"if","locations":[{"start":{"line":1,"column":185},"end":{"line":1,"column":263}},{"start":{"line":1,"column":185},"end":{"line":1,"column":263}}],"line":1},"2":{"loc":{"start":{"line":1,"column":427},"end":{"line":1,"column":455}},"type":"binary-expr","locations":[{"start":{"line":1,"column":427},"end":{"line":1,"column":448}},{"start":{"line":1,"column":450},"end":{"line":1,"column":455}}],"line":1},"3":{"loc":{"start":{"line":1,"column":485},"end":{"line":1,"column":534}},"type":"if","locations":[{"start":{"line":1,"column":485},"end":{"line":1,"column":534}},{"start":{"line":1,"column":485},"end":{"line":1,"column":534}}],"line":1},"4":{"loc":{"start":{"line":1,"column":644},"end":{"line":1,"column":709}},"type":"if","locations":[{"start":{"line":1,"column":644},"end":{"line":1,"column":709}},{"start":{"line":1,"column":644},"end":{"line":1,"column":709}}],"line":1},"5":{"loc":{"start":{"line":1,"column":709},"end":{"line":1,"column":766}},"type":"if","locations":[{"start":{"line":1,"column":709},"end":{"line":1,"column":766}},{"start":{"line":1,"column":709},"end":{"line":1,"column":766}}],"line":1},"6":{"loc":{"start":{"line":4,"column":178},"end":{"line":4,"column":215}},"type":"cond-expr","locations":[{"start":{"line":4,"column":198},"end":{"line":4,"column":201}},{"start":{"line":4,"column":202},"end":{"line":4,"column":215}}],"line":4},"7":{"loc":{"start":{"line":4,"column":178},"end":{"line":4,"column":197}},"type":"binary-expr","locations":[{"start":{"line":4,"column":178},"end":{"line":4,"column":181}},{"start":{"line":4,"column":183},"end":{"line":4,"column":197}}],"line":4},"8":{"loc":{"start":{"line":4,"column":264},"end":{"line":4,"column":361}},"type":"if","locations":[{"start":{"line":4,"column":264},"end":{"line":4,"column":361}},{"start":{"line":4,"column":264},"end":{"line":4,"column":361}}],"line":4},"9":{"loc":{"start":{"line":4,"column":409},"end":{"line":4,"column":506}},"type":"if","locations":[{"start":{"line":4,"column":409},"end":{"line":4,"column":506}},{"start":{"line":4,"column":409},"end":{"line":4,"column":506}}],"line":4},"10":{"loc":{"start":{"line":4,"column":513},"end":{"line":4,"column":579}},"type":"cond-expr","locations":[{"start":{"line":4,"column":570},"end":{"line":4,"column":574}},{"start":{"line":4,"column":575},"end":{"line":4,"column":579}}],"line":4},"11":{"loc":{"start":{"line":4,"column":513},"end":{"line":4,"column":569}},"type":"binary-expr","locations":[{"start":{"line":4,"column":513},"end":{"line":4,"column":517}},{"start":{"line":4,"column":520},"end":{"line":4,"column":542}},{"start":{"line":4,"column":544},"end":{"line":4,"column":568}}],"line":4},"12":{"loc":{"start":{"line":4,"column":621},"end":{"line":4,"column":774}},"type":"if","locations":[{"start":{"line":4,"column":621},"end":{"line":4,"column":774}},{"start":{"line":4,"column":621},"end":{"line":4,"column":774}}],"line":4},"13":{"loc":{"start":{"line":4,"column":624},"end":{"line":4,"column":673}},"type":"binary-expr","locations":[{"start":{"line":4,"column":624},"end":{"line":4,"column":654}},{"start":{"line":4,"column":656},"end":{"line":4,"column":673}}],"line":4},"14":{"loc":{"start":{"line":4,"column":807},"end":{"line":4,"column":839}},"type":"binary-expr","locations":[{"start":{"line":4,"column":807},"end":{"line":4,"column":817}},{"start":{"line":4,"column":819},"end":{"line":4,"column":839}}],"line":4},"15":{"loc":{"start":{"line":4,"column":921},"end":{"line":4,"column":1030}},"type":"if","locations":[{"start":{"line":4,"column":921},"end":{"line":4,"column":1030}},{"start":{"line":4,"column":921},"end":{"line":4,"column":1030}}],"line":4},"16":{"loc":{"start":{"line":4,"column":935},"end":{"line":4,"column":1029}},"type":"cond-expr","locations":[{"start":{"line":4,"column":957},"end":{"line":4,"column":999}},{"start":{"line":4,"column":1000},"end":{"line":4,"column":1029}}],"line":4},"17":{"loc":{"start":{"line":7,"column":176},"end":{"line":7,"column":239}},"type":"binary-expr","locations":[{"start":{"line":7,"column":176},"end":{"line":7,"column":200}},{"start":{"line":7,"column":202},"end":{"line":7,"column":239}}],"line":7}},"s":{"0":0,"1":0,"2":0,"3":0,"4":0,"5":0,"6":0,"7":0,"8":0,"9":0,"10":0,"11":0,"12":0,"13":0,"14":0,"15":0,"16":0,"17":0,"18":0,"19":0,"20":0,"21":0,"22":0,"23":0,"24":0,"25":0,"26":0,"27":0,"28":0,"29":0,"30":0,"31":0,"32":0,"33":0,"34":0,"35":0,"36":0,"37":0,"38":0,"39":0,"40":0,"41":0,"42":0,"43":0,"44":0,"45":0,"46":0,"47":0,"48":0,"49":0},"f":{"0":0,"1":0,"2":0,"3":0,"4":0,"5":0,"6":0,"7":0,"8":0,"9":0,"10":0,"11":0},"b":{"0":[0,0],"1":[0,0],"2":[0,0],"3":[0,0],"4":[0,0],"5":[0,0],"6":[0,0],"7":[0,0],"8":[0,0],"9":[0,0],"10":[0,0],"11":[0,0,0],"12":[0,0],"13":[0,0],"14":[0,0],"15":[0,0],"16":[0,0],"17":[0,0]}}
,"/Users/Jacob/Desktop/currency/app/components/Alert/index.js": {"path":"/Users/Jacob/Desktop/currency/app/components/Alert/index.js","statementMap":{"0":{"start":{"line":1,"column":0},"end":{"line":1,"column":57}},"1":{"start":{"line":1,"column":57},"end":{"line":1,"column":110}},"2":{"start":{"line":1,"column":129},"end":{"line":1,"column":155}},"3":{"start":{"line":1,"column":176},"end":{"line":1,"column":214}},"4":{"start":{"line":2,"column":18},"end":{"line":2,"column":43}},"5":{"start":{"line":2,"column":63},"end":{"line":2,"column":100}},"6":{"start":{"line":2,"column":138},"end":{"line":2,"column":183}},"7":{"start":{"line":2,"column":184},"end":{"line":4,"column":38}},"8":{"start":{"line":4,"column":38},"end":{"line":4,"column":82}}},"fnMap":{"0":{"name":"_interopRequireDefault","decl":{"start":{"line":2,"column":110},"end":{"line":2,"column":132}},"loc":{"start":{"line":2,"column":137},"end":{"line":2,"column":184}},"line":2}},"branchMap":{"0":{"loc":{"start":{"line":2,"column":145},"end":{"line":2,"column":182}},"type":"cond-expr","locations":[{"start":{"line":2,"column":165},"end":{"line":2,"column":168}},{"start":{"line":2,"column":169},"end":{"line":2,"column":182}}],"line":2},"1":{"loc":{"start":{"line":2,"column":145},"end":{"line":2,"column":164}},"type":"binary-expr","locations":[{"start":{"line":2,"column":145},"end":{"line":2,"column":148}},{"start":{"line":2,"column":150},"end":{"line":2,"column":164}}],"line":2}},"s":{"0":0,"1":0,"2":0,"3":0,"4":0,"5":0,"6":0,"7":0,"8":0},"f":{"0":0},"b":{"0":[0,0],"1":[0,0]}}
,"/Users/Jacob/Desktop/currency/app/components/Animations/animateIn.js": {"path":"/Users/Jacob/Desktop/currency/app/components/Animations/animateIn.js","statementMap":{"0":{"start":{"line":1,"column":0},"end":{"line":1,"column":57}},"1":{"start":{"line":1,"column":74},"end":{"line":1,"column":566}},"2":{"start":{"line":1,"column":125},"end":{"line":1,"column":367}},"3":{"start":{"line":1,"column":172},"end":{"line":1,"column":180}},"4":{"start":{"line":1,"column":181},"end":{"line":1,"column":232}},"5":{"start":{"line":1,"column":232},"end":{"line":1,"column":261}},"6":{"start":{"line":1,"column":261},"end":{"line":1,"column":310}},"7":{"start":{"line":1,"column":285},"end":{"line":1,"column":310}},"8":{"start":{"line":1,"column":310},"end":{"line":1,"column":366}},"9":{"start":{"line":1,"column":368},"end":{"line":1,"column":563}},"10":{"start":{"line":1,"column":420},"end":{"line":1,"column":485}},"11":{"start":{"line":1,"column":434},"end":{"line":1,"column":485}},"12":{"start":{"line":1,"column":485},"end":{"line":1,"column":542}},"13":{"start":{"line":1,"column":500},"end":{"line":1,"column":542}},"14":{"start":{"line":1,"column":542},"end":{"line":1,"column":561}},"15":{"start":{"line":1,"column":578},"end":{"line":1,"column":594}},"16":{"start":{"line":1,"column":607},"end":{"line":1,"column":637}},"17":{"start":{"line":2,"column":17},"end":{"line":2,"column":40}},"18":{"start":{"line":3,"column":15},"end":{"line":3,"column":36}},"19":{"start":{"line":3,"column":53},"end":{"line":3,"column":87}},"20":{"start":{"line":3,"column":125},"end":{"line":3,"column":170}},"21":{"start":{"line":3,"column":218},"end":{"line":3,"column":315}},"22":{"start":{"line":3,"column":257},"end":{"line":3,"column":314}},"23":{"start":{"line":3,"column":363},"end":{"line":3,"column":460}},"24":{"start":{"line":3,"column":373},"end":{"line":3,"column":459}},"25":{"start":{"line":3,"column":460},"end":{"line":3,"column":534}},"26":{"start":{"line":3,"column":575},"end":{"line":3,"column":728}},"27":{"start":{"line":3,"column":629},"end":{"line":3,"column":727}},"28":{"start":{"line":3,"column":728},"end":{"line":3,"column":875}},"29":{"start":{"line":3,"column":875},"end":{"line":3,"column":984}},"30":{"start":{"line":3,"column":889},"end":{"line":3,"column":984}},"31":{"start":{"line":5,"column":22},"end":{"line":5,"column":59}},"32":{"start":{"line":6,"column":19},"end":{"line":6,"column":55}},"33":{"start":{"line":8,"column":10},"end":{"line":64,"column":41}},"34":{"start":{"line":8,"column":31},"end":{"line":8,"column":63}},"35":{"start":{"line":9,"column":26},"end":{"line":9,"column":58}},"36":{"start":{"line":9,"column":68},"end":{"line":10,"column":7}},"37":{"start":{"line":11,"column":0},"end":{"line":11,"column":55}},"38":{"start":{"line":11,"column":55},"end":{"line":11,"column":68}},"39":{"start":{"line":12,"column":1},"end":{"line":64,"column":5}},"40":{"start":{"line":15,"column":0},"end":{"line":23,"column":1}},"41":{"start":{"line":16,"column":0},"end":{"line":20,"column":8}},"42":{"start":{"line":22,"column":0},"end":{"line":22,"column":31}},"43":{"start":{"line":26,"column":11},"end":{"line":26,"column":13}},"44":{"start":{"line":27,"column":5},"end":{"line":27,"column":20}},"45":{"start":{"line":28,"column":0},"end":{"line":57,"column":1}},"46":{"start":{"line":29,"column":0},"end":{"line":31,"column":40}},"47":{"start":{"line":33,"column":6},"end":{"line":57,"column":1}},"48":{"start":{"line":34,"column":0},"end":{"line":40,"column":47}},"49":{"start":{"line":45,"column":6},"end":{"line":57,"column":1}},"50":{"start":{"line":46,"column":0},"end":{"line":52,"column":46}},"51":{"start":{"line":59,"column":0},"end":{"line":61,"column":22}},"52":{"start":{"line":64,"column":5},"end":{"line":64,"column":22}},"53":{"start":{"line":67,"column":0},"end":{"line":71,"column":37}},"54":{"start":{"line":71,"column":37},"end":{"line":74,"column":10}}},"fnMap":{"0":{"name":"(anonymous_0)","decl":{"start":{"line":1,"column":74},"end":{"line":1,"column":75}},"loc":{"start":{"line":1,"column":84},"end":{"line":1,"column":564}},"line":1},"1":{"name":"defineProperties","decl":{"start":{"line":1,"column":94},"end":{"line":1,"column":110}},"loc":{"start":{"line":1,"column":124},"end":{"line":1,"column":368}},"line":1},"2":{"name":"(anonymous_2)","decl":{"start":{"line":1,"column":375},"end":{"line":1,"column":376}},"loc":{"start":{"line":1,"column":419},"end":{"line":1,"column":562}},"line":1},"3":{"name":"_interopRequireDefault","decl":{"start":{"line":3,"column":97},"end":{"line":3,"column":119}},"loc":{"start":{"line":3,"column":124},"end":{"line":3,"column":171}},"line":3},"4":{"name":"_classCallCheck","decl":{"start":{"line":3,"column":180},"end":{"line":3,"column":195}},"loc":{"start":{"line":3,"column":217},"end":{"line":3,"column":316}},"line":3},"5":{"name":"_possibleConstructorReturn","decl":{"start":{"line":3,"column":325},"end":{"line":3,"column":351}},"loc":{"start":{"line":3,"column":362},"end":{"line":3,"column":535}},"line":3},"6":{"name":"_inherits","decl":{"start":{"line":3,"column":544},"end":{"line":3,"column":553}},"loc":{"start":{"line":3,"column":574},"end":{"line":3,"column":985}},"line":3},"7":{"name":"(anonymous_7)","decl":{"start":{"line":8,"column":10},"end":{"line":8,"column":11}},"loc":{"start":{"line":8,"column":30},"end":{"line":64,"column":23}},"line":8},"8":{"name":"AnimateIn","decl":{"start":{"line":9,"column":9},"end":{"line":9,"column":18}},"loc":{"start":{"line":9,"column":25},"end":{"line":12,"column":1}},"line":9},"9":{"name":"componentWillMount","decl":{"start":{"line":12,"column":66},"end":{"line":12,"column":84}},"loc":{"start":{"line":14,"column":0},"end":{"line":24,"column":1}},"line":14},"10":{"name":"render","decl":{"start":{"line":24,"column":32},"end":{"line":24,"column":38}},"loc":{"start":{"line":25,"column":0},"end":{"line":64,"column":1}},"line":25}},"branchMap":{"0":{"loc":{"start":{"line":1,"column":203},"end":{"line":1,"column":231}},"type":"binary-expr","locations":[{"start":{"line":1,"column":203},"end":{"line":1,"column":224}},{"start":{"line":1,"column":226},"end":{"line":1,"column":231}}],"line":1},"1":{"loc":{"start":{"line":1,"column":261},"end":{"line":1,"column":310}},"type":"if","locations":[{"start":{"line":1,"column":261},"end":{"line":1,"column":310}},{"start":{"line":1,"column":261},"end":{"line":1,"column":310}}],"line":1},"2":{"loc":{"start":{"line":1,"column":420},"end":{"line":1,"column":485}},"type":"if","locations":[{"start":{"line":1,"column":420},"end":{"line":1,"column":485}},{"start":{"line":1,"column":420},"end":{"line":1,"column":485}}],"line":1},"3":{"loc":{"start":{"line":1,"column":485},"end":{"line":1,"column":542}},"type":"if","locations":[{"start":{"line":1,"column":485},"end":{"line":1,"column":542}},{"start":{"line":1,"column":485},"end":{"line":1,"column":542}}],"line":1},"4":{"loc":{"start":{"line":3,"column":132},"end":{"line":3,"column":169}},"type":"cond-expr","locations":[{"start":{"line":3,"column":152},"end":{"line":3,"column":155}},{"start":{"line":3,"column":156},"end":{"line":3,"column":169}}],"line":3},"5":{"loc":{"start":{"line":3,"column":132},"end":{"line":3,"column":151}},"type":"binary-expr","locations":[{"start":{"line":3,"column":132},"end":{"line":3,"column":135}},{"start":{"line":3,"column":137},"end":{"line":3,"column":151}}],"line":3},"6":{"loc":{"start":{"line":3,"column":218},"end":{"line":3,"column":315}},"type":"if","locations":[{"start":{"line":3,"column":218},"end":{"line":3,"column":315}},{"start":{"line":3,"column":218},"end":{"line":3,"column":315}}],"line":3},"7":{"loc":{"start":{"line":3,"column":363},"end":{"line":3,"column":460}},"type":"if","locations":[{"start":{"line":3,"column":363},"end":{"line":3,"column":460}},{"start":{"line":3,"column":363},"end":{"line":3,"column":460}}],"line":3},"8":{"loc":{"start":{"line":3,"column":467},"end":{"line":3,"column":533}},"type":"cond-expr","locations":[{"start":{"line":3,"column":524},"end":{"line":3,"column":528}},{"start":{"line":3,"column":529},"end":{"line":3,"column":533}}],"line":3},"9":{"loc":{"start":{"line":3,"column":467},"end":{"line":3,"column":523}},"type":"binary-expr","locations":[{"start":{"line":3,"column":467},"end":{"line":3,"column":471}},{"start":{"line":3,"column":474},"end":{"line":3,"column":496}},{"start":{"line":3,"column":498},"end":{"line":3,"column":522}}],"line":3},"10":{"loc":{"start":{"line":3,"column":575},"end":{"line":3,"column":728}},"type":"if","locations":[{"start":{"line":3,"column":575},"end":{"line":3,"column":728}},{"start":{"line":3,"column":575},"end":{"line":3,"column":728}}],"line":3},"11":{"loc":{"start":{"line":3,"column":578},"end":{"line":3,"column":627}},"type":"binary-expr","locations":[{"start":{"line":3,"column":578},"end":{"line":3,"column":608}},{"start":{"line":3,"column":610},"end":{"line":3,"column":627}}],"line":3},"12":{"loc":{"start":{"line":3,"column":761},"end":{"line":3,"column":793}},"type":"binary-expr","locations":[{"start":{"line":3,"column":761},"end":{"line":3,"column":771}},{"start":{"line":3,"column":773},"end":{"line":3,"column":793}}],"line":3},"13":{"loc":{"start":{"line":3,"column":875},"end":{"line":3,"column":984}},"type":"if","locations":[{"start":{"line":3,"column":875},"end":{"line":3,"column":984}},{"start":{"line":3,"column":875},"end":{"line":3,"column":984}}],"line":3},"14":{"loc":{"start":{"line":3,"column":889},"end":{"line":3,"column":983}},"type":"cond-expr","locations":[{"start":{"line":3,"column":911},"end":{"line":3,"column":953}},{"start":{"line":3,"column":954},"end":{"line":3,"column":983}}],"line":3},"15":{"loc":{"start":{"line":9,"column":101},"end":{"line":9,"column":154}},"type":"binary-expr","locations":[{"start":{"line":9,"column":101},"end":{"line":9,"column":120}},{"start":{"line":9,"column":122},"end":{"line":9,"column":154}}],"line":9},"16":{"loc":{"start":{"line":15,"column":0},"end":{"line":23,"column":1}},"type":"if","locations":[{"start":{"line":15,"column":0},"end":{"line":23,"column":1}},{"start":{"line":15,"column":0},"end":{"line":23,"column":1}}],"line":15},"17":{"loc":{"start":{"line":18,"column":6},"end":{"line":18,"column":25}},"type":"binary-expr","locations":[{"start":{"line":18,"column":6},"end":{"line":18,"column":22}},{"start":{"line":18,"column":24},"end":{"line":18,"column":25}}],"line":18},"18":{"loc":{"start":{"line":19,"column":9},"end":{"line":19,"column":33}},"type":"binary-expr","locations":[{"start":{"line":19,"column":9},"end":{"line":19,"column":28}},{"start":{"line":19,"column":30},"end":{"line":19,"column":33}}],"line":19},"19":{"loc":{"start":{"line":28,"column":0},"end":{"line":57,"column":1}},"type":"if","locations":[{"start":{"line":28,"column":0},"end":{"line":57,"column":1}},{"start":{"line":28,"column":0},"end":{"line":57,"column":1}}],"line":28},"20":{"loc":{"start":{"line":33,"column":6},"end":{"line":57,"column":1}},"type":"if","locations":[{"start":{"line":33,"column":6},"end":{"line":57,"column":1}},{"start":{"line":33,"column":6},"end":{"line":57,"column":1}}],"line":33},"21":{"loc":{"start":{"line":45,"column":6},"end":{"line":57,"column":1}},"type":"if","locations":[{"start":{"line":45,"column":6},"end":{"line":57,"column":1}},{"start":{"line":45,"column":6},"end":{"line":57,"column":1}}],"line":45}},"s":{"0":0,"1":0,"2":0,"3":0,"4":0,"5":0,"6":0,"7":0,"8":0,"9":0,"10":0,"11":0,"12":0,"13":0,"14":0,"15":0,"16":0,"17":0,"18":0,"19":0,"20":0,"21":0,"22":0,"23":0,"24":0,"25":0,"26":0,"27":0,"28":0,"29":0,"30":0,"31":0,"32":0,"33":0,"34":0,"35":0,"36":0,"37":0,"38":0,"39":0,"40":0,"41":0,"42":0,"43":0,"44":0,"45":0,"46":0,"47":0,"48":0,"49":0,"50":0,"51":0,"52":0,"53":0,"54":0},"f":{"0":0,"1":0,"2":0,"3":0,"4":0,"5":0,"6":0,"7":0,"8":0,"9":0,"10":0},"b":{"0":[0,0],"1":[0,0],"2":[0,0],"3":[0,0],"4":[0,0],"5":[0,0],"6":[0,0],"7":[0,0],"8":[0,0],"9":[0,0,0],"10":[0,0],"11":[0,0],"12":[0,0],"13":[0,0],"14":[0,0],"15":[0,0],"16":[0,0],"17":[0,0],"18":[0,0],"19":[0,0],"20":[0,0],"21":[0,0]}}
,"/Users/Jacob/Desktop/currency/app/components/Animations/index.js": {"path":"/Users/Jacob/Desktop/currency/app/components/Animations/index.js","statementMap":{"0":{"start":{"line":1,"column":0},"end":{"line":1,"column":57}},"1":{"start":{"line":1,"column":57},"end":{"line":1,"column":100}},"2":{"start":{"line":1,"column":115},"end":{"line":1,"column":137}},"3":{"start":{"line":1,"column":154},"end":{"line":1,"column":188}},"4":{"start":{"line":2,"column":12},"end":{"line":2,"column":31}},"5":{"start":{"line":2,"column":45},"end":{"line":2,"column":76}},"6":{"start":{"line":2,"column":114},"end":{"line":2,"column":159}},"7":{"start":{"line":2,"column":160},"end":{"line":4,"column":30}},"8":{"start":{"line":4,"column":30},"end":{"line":4,"column":62}}},"fnMap":{"0":{"name":"_interopRequireDefault","decl":{"start":{"line":2,"column":86},"end":{"line":2,"column":108}},"loc":{"start":{"line":2,"column":113},"end":{"line":2,"column":160}},"line":2}},"branchMap":{"0":{"loc":{"start":{"line":2,"column":121},"end":{"line":2,"column":158}},"type":"cond-expr","locations":[{"start":{"line":2,"column":141},"end":{"line":2,"column":144}},{"start":{"line":2,"column":145},"end":{"line":2,"column":158}}],"line":2},"1":{"loc":{"start":{"line":2,"column":121},"end":{"line":2,"column":140}},"type":"binary-expr","locations":[{"start":{"line":2,"column":121},"end":{"line":2,"column":124}},{"start":{"line":2,"column":126},"end":{"line":2,"column":140}}],"line":2}},"s":{"0":0,"1":0,"2":0,"3":0,"4":0,"5":0,"6":0,"7":0,"8":0},"f":{"0":0},"b":{"0":[0,0],"1":[0,0]}}
,"/Users/Jacob/Desktop/currency/app/components/Animations/styles.js": {"path":"/Users/Jacob/Desktop/currency/app/components/Animations/styles.js","statementMap":{"0":{"start":{"line":1,"column":0},"end":{"line":1,"column":57}},"1":{"start":{"line":1,"column":92},"end":{"line":1,"column":135}},"2":{"start":{"line":1,"column":172},"end":{"line":1,"column":226}},"3":{"start":{"line":1,"column":264},"end":{"line":1,"column":309}},"4":{"start":{"line":1,"column":310},"end":{"line":8,"column":34}}},"fnMap":{"0":{"name":"_interopRequireDefault","decl":{"start":{"line":1,"column":236},"end":{"line":1,"column":258}},"loc":{"start":{"line":1,"column":263},"end":{"line":1,"column":310}},"line":1}},"branchMap":{"0":{"loc":{"start":{"line":1,"column":271},"end":{"line":1,"column":308}},"type":"cond-expr","locations":[{"start":{"line":1,"column":291},"end":{"line":1,"column":294}},{"start":{"line":1,"column":295},"end":{"line":1,"column":308}}],"line":1},"1":{"loc":{"start":{"line":1,"column":271},"end":{"line":1,"column":290}},"type":"binary-expr","locations":[{"start":{"line":1,"column":271},"end":{"line":1,"column":274}},{"start":{"line":1,"column":276},"end":{"line":1,"column":290}}],"line":1}},"s":{"0":0,"1":0,"2":0,"3":0,"4":0},"f":{"0":0},"b":{"0":[0,0],"1":[0,0]}}
,"/Users/Jacob/Desktop/currency/app/components/Button/ClearButton.js": {"path":"/Users/Jacob/Desktop/currency/app/components/Button/ClearButton.js","statementMap":{"0":{"start":{"line":1,"column":0},"end":{"line":1,"column":57}},"1":{"start":{"line":1,"column":68},"end":{"line":1,"column":84}},"2":{"start":{"line":1,"column":97},"end":{"line":1,"column":127}},"3":{"start":{"line":2,"column":15},"end":{"line":2,"column":36}},"4":{"start":{"line":2,"column":53},"end":{"line":2,"column":87}},"5":{"start":{"line":3,"column":12},"end":{"line":3,"column":31}},"6":{"start":{"line":3,"column":45},"end":{"line":3,"column":76}},"7":{"start":{"line":4,"column":10},"end":{"line":4,"column":38}},"8":{"start":{"line":4,"column":50},"end":{"line":4,"column":79}},"9":{"start":{"line":5,"column":17},"end":{"line":5,"column":40}},"10":{"start":{"line":5,"column":78},"end":{"line":5,"column":123}},"11":{"start":{"line":7,"column":16},"end":{"line":11,"column":96}},"12":{"start":{"line":7,"column":55},"end":{"line":7,"column":67}},"13":{"start":{"line":7,"column":73},"end":{"line":7,"column":82}},"14":{"start":{"line":7,"column":83},"end":{"line":11,"column":95}},"15":{"start":{"line":16,"column":0},"end":{"line":18,"column":33}},"16":{"start":{"line":18,"column":33},"end":{"line":21,"column":12}}},"fnMap":{"0":{"name":"_interopRequireDefault","decl":{"start":{"line":5,"column":50},"end":{"line":5,"column":72}},"loc":{"start":{"line":5,"column":77},"end":{"line":5,"column":124}},"line":5},"1":{"name":"ClearButton","decl":{"start":{"line":7,"column":25},"end":{"line":7,"column":36}},"loc":{"start":{"line":7,"column":42},"end":{"line":11,"column":96}},"line":7}},"branchMap":{"0":{"loc":{"start":{"line":5,"column":85},"end":{"line":5,"column":122}},"type":"cond-expr","locations":[{"start":{"line":5,"column":105},"end":{"line":5,"column":108}},{"start":{"line":5,"column":109},"end":{"line":5,"column":122}}],"line":5},"1":{"loc":{"start":{"line":5,"column":85},"end":{"line":5,"column":104}},"type":"binary-expr","locations":[{"start":{"line":5,"column":85},"end":{"line":5,"column":88}},{"start":{"line":5,"column":90},"end":{"line":5,"column":104}}],"line":5}},"s":{"0":0,"1":0,"2":0,"3":0,"4":0,"5":0,"6":0,"7":0,"8":0,"9":0,"10":0,"11":0,"12":0,"13":0,"14":0,"15":0,"16":0},"f":{"0":0,"1":0},"b":{"0":[0,0],"1":[0,0]}}
,"/Users/Jacob/Desktop/currency/app/components/Button/index.js": {"path":"/Users/Jacob/Desktop/currency/app/components/Button/index.js","statementMap":{"0":{"start":{"line":1,"column":0},"end":{"line":1,"column":57}},"1":{"start":{"line":1,"column":57},"end":{"line":1,"column":102}},"2":{"start":{"line":1,"column":119},"end":{"line":1,"column":143}},"3":{"start":{"line":1,"column":162},"end":{"line":1,"column":198}},"4":{"start":{"line":2,"column":12},"end":{"line":2,"column":31}},"5":{"start":{"line":2,"column":45},"end":{"line":2,"column":76}},"6":{"start":{"line":2,"column":114},"end":{"line":2,"column":159}},"7":{"start":{"line":2,"column":160},"end":{"line":4,"column":34}},"8":{"start":{"line":4,"column":34},"end":{"line":4,"column":66}}},"fnMap":{"0":{"name":"_interopRequireDefault","decl":{"start":{"line":2,"column":86},"end":{"line":2,"column":108}},"loc":{"start":{"line":2,"column":113},"end":{"line":2,"column":160}},"line":2}},"branchMap":{"0":{"loc":{"start":{"line":2,"column":121},"end":{"line":2,"column":158}},"type":"cond-expr","locations":[{"start":{"line":2,"column":141},"end":{"line":2,"column":144}},{"start":{"line":2,"column":145},"end":{"line":2,"column":158}}],"line":2},"1":{"loc":{"start":{"line":2,"column":121},"end":{"line":2,"column":140}},"type":"binary-expr","locations":[{"start":{"line":2,"column":121},"end":{"line":2,"column":124}},{"start":{"line":2,"column":126},"end":{"line":2,"column":140}}],"line":2}},"s":{"0":0,"1":0,"2":0,"3":0,"4":0,"5":0,"6":0,"7":0,"8":0},"f":{"0":0},"b":{"0":[0,0],"1":[0,0]}}
,"/Users/Jacob/Desktop/currency/app/components/Button/styles.js": {"path":"/Users/Jacob/Desktop/currency/app/components/Button/styles.js","statementMap":{"0":{"start":{"line":1,"column":0},"end":{"line":1,"column":57}},"1":{"start":{"line":1,"column":92},"end":{"line":1,"column":135}},"2":{"start":{"line":1,"column":172},"end":{"line":1,"column":226}},"3":{"start":{"line":1,"column":264},"end":{"line":1,"column":309}},"4":{"start":{"line":1,"column":310},"end":{"line":19,"column":18}}},"fnMap":{"0":{"name":"_interopRequireDefault","decl":{"start":{"line":1,"column":236},"end":{"line":1,"column":258}},"loc":{"start":{"line":1,"column":263},"end":{"line":1,"column":310}},"line":1}},"branchMap":{"0":{"loc":{"start":{"line":1,"column":271},"end":{"line":1,"column":308}},"type":"cond-expr","locations":[{"start":{"line":1,"column":291},"end":{"line":1,"column":294}},{"start":{"line":1,"column":295},"end":{"line":1,"column":308}}],"line":1},"1":{"loc":{"start":{"line":1,"column":271},"end":{"line":1,"column":290}},"type":"binary-expr","locations":[{"start":{"line":1,"column":271},"end":{"line":1,"column":274}},{"start":{"line":1,"column":276},"end":{"line":1,"column":290}}],"line":1}},"s":{"0":0,"1":0,"2":0,"3":0,"4":0},"f":{"0":0},"b":{"0":[0,0],"1":[0,0]}}
,"/Users/Jacob/Desktop/currency/app/components/Container/Container.js": {"path":"/Users/Jacob/Desktop/currency/app/components/Container/Container.js","statementMap":{"0":{"start":{"line":1,"column":0},"end":{"line":1,"column":57}},"1":{"start":{"line":1,"column":68},"end":{"line":1,"column":84}},"2":{"start":{"line":1,"column":97},"end":{"line":1,"column":127}},"3":{"start":{"line":2,"column":15},"end":{"line":2,"column":36}},"4":{"start":{"line":2,"column":53},"end":{"line":2,"column":87}},"5":{"start":{"line":3,"column":17},"end":{"line":3,"column":40}},"6":{"start":{"line":4,"column":12},"end":{"line":4,"column":31}},"7":{"start":{"line":4,"column":45},"end":{"line":4,"column":76}},"8":{"start":{"line":4,"column":114},"end":{"line":4,"column":159}},"9":{"start":{"line":6,"column":14},"end":{"line":16,"column":1}},"10":{"start":{"line":6,"column":52},"end":{"line":6,"column":65}},"11":{"start":{"line":6,"column":82},"end":{"line":6,"column":102}},"12":{"start":{"line":7,"column":19},"end":{"line":7,"column":47}},"13":{"start":{"line":8,"column":0},"end":{"line":10,"column":1}},"14":{"start":{"line":9,"column":0},"end":{"line":9,"column":55}},"15":{"start":{"line":11,"column":0},"end":{"line":13,"column":11}},"16":{"start":{"line":18,"column":0},"end":{"line":19,"column":34}},"17":{"start":{"line":19,"column":34},"end":{"line":22,"column":10}}},"fnMap":{"0":{"name":"_interopRequireDefault","decl":{"start":{"line":4,"column":86},"end":{"line":4,"column":108}},"loc":{"start":{"line":4,"column":113},"end":{"line":4,"column":160}},"line":4},"1":{"name":"Container","decl":{"start":{"line":6,"column":23},"end":{"line":6,"column":32}},"loc":{"start":{"line":6,"column":38},"end":{"line":16,"column":1}},"line":6}},"branchMap":{"0":{"loc":{"start":{"line":4,"column":121},"end":{"line":4,"column":158}},"type":"cond-expr","locations":[{"start":{"line":4,"column":141},"end":{"line":4,"column":144}},{"start":{"line":4,"column":145},"end":{"line":4,"column":158}}],"line":4},"1":{"loc":{"start":{"line":4,"column":121},"end":{"line":4,"column":140}},"type":"binary-expr","locations":[{"start":{"line":4,"column":121},"end":{"line":4,"column":124}},{"start":{"line":4,"column":126},"end":{"line":4,"column":140}}],"line":4},"2":{"loc":{"start":{"line":8,"column":0},"end":{"line":10,"column":1}},"type":"if","locations":[{"start":{"line":8,"column":0},"end":{"line":10,"column":1}},{"start":{"line":8,"column":0},"end":{"line":10,"column":1}}],"line":8}},"s":{"0":0,"1":0,"2":0,"3":0,"4":0,"5":0,"6":0,"7":0,"8":0,"9":0,"10":0,"11":0,"12":0,"13":0,"14":0,"15":0,"16":0,"17":0},"f":{"0":0,"1":0},"b":{"0":[0,0],"1":[0,0],"2":[0,0]}}
,"/Users/Jacob/Desktop/currency/app/components/Container/index.js": {"path":"/Users/Jacob/Desktop/currency/app/components/Container/index.js","statementMap":{"0":{"start":{"line":1,"column":0},"end":{"line":1,"column":57}},"1":{"start":{"line":1,"column":57},"end":{"line":1,"column":100}},"2":{"start":{"line":1,"column":115},"end":{"line":1,"column":137}},"3":{"start":{"line":1,"column":154},"end":{"line":1,"column":188}},"4":{"start":{"line":2,"column":12},"end":{"line":2,"column":31}},"5":{"start":{"line":2,"column":45},"end":{"line":2,"column":76}},"6":{"start":{"line":2,"column":114},"end":{"line":2,"column":159}},"7":{"start":{"line":2,"column":160},"end":{"line":4,"column":30}},"8":{"start":{"line":4,"column":30},"end":{"line":4,"column":62}}},"fnMap":{"0":{"name":"_interopRequireDefault","decl":{"start":{"line":2,"column":86},"end":{"line":2,"column":108}},"loc":{"start":{"line":2,"column":113},"end":{"line":2,"column":160}},"line":2}},"branchMap":{"0":{"loc":{"start":{"line":2,"column":121},"end":{"line":2,"column":158}},"type":"cond-expr","locations":[{"start":{"line":2,"column":141},"end":{"line":2,"column":144}},{"start":{"line":2,"column":145},"end":{"line":2,"column":158}}],"line":2},"1":{"loc":{"start":{"line":2,"column":121},"end":{"line":2,"column":140}},"type":"binary-expr","locations":[{"start":{"line":2,"column":121},"end":{"line":2,"column":124}},{"start":{"line":2,"column":126},"end":{"line":2,"column":140}}],"line":2}},"s":{"0":0,"1":0,"2":0,"3":0,"4":0,"5":0,"6":0,"7":0,"8":0},"f":{"0":0},"b":{"0":[0,0],"1":[0,0]}}
,"/Users/Jacob/Desktop/currency/app/components/Container/styles.js": {"path":"/Users/Jacob/Desktop/currency/app/components/Container/styles.js","statementMap":{"0":{"start":{"line":1,"column":0},"end":{"line":1,"column":57}},"1":{"start":{"line":1,"column":92},"end":{"line":1,"column":135}},"2":{"start":{"line":1,"column":172},"end":{"line":1,"column":226}},"3":{"start":{"line":1,"column":264},"end":{"line":1,"column":309}},"4":{"start":{"line":1,"column":310},"end":{"line":8,"column":34}}},"fnMap":{"0":{"name":"_interopRequireDefault","decl":{"start":{"line":1,"column":236},"end":{"line":1,"column":258}},"loc":{"start":{"line":1,"column":263},"end":{"line":1,"column":310}},"line":1}},"branchMap":{"0":{"loc":{"start":{"line":1,"column":271},"end":{"line":1,"column":308}},"type":"cond-expr","locations":[{"start":{"line":1,"column":291},"end":{"line":1,"column":294}},{"start":{"line":1,"column":295},"end":{"line":1,"column":308}}],"line":1},"1":{"loc":{"start":{"line":1,"column":271},"end":{"line":1,"column":290}},"type":"binary-expr","locations":[{"start":{"line":1,"column":271},"end":{"line":1,"column":274}},{"start":{"line":1,"column":276},"end":{"line":1,"column":290}}],"line":1}},"s":{"0":0,"1":0,"2":0,"3":0,"4":0},"f":{"0":0},"b":{"0":[0,0],"1":[0,0]}}
,"/Users/Jacob/Desktop/currency/app/components/Header/Header.js": {"path":"/Users/Jacob/Desktop/currency/app/components/Header/Header.js","statementMap":{"0":{"start":{"line":1,"column":0},"end":{"line":1,"column":57}},"1":{"start":{"line":1,"column":68},"end":{"line":1,"column":84}},"2":{"start":{"line":1,"column":97},"end":{"line":1,"column":127}},"3":{"start":{"line":2,"column":17},"end":{"line":2,"column":40}},"4":{"start":{"line":3,"column":15},"end":{"line":3,"column":36}},"5":{"start":{"line":3,"column":53},"end":{"line":3,"column":87}},"6":{"start":{"line":4,"column":10},"end":{"line":4,"column":38}},"7":{"start":{"line":4,"column":50},"end":{"line":4,"column":79}},"8":{"start":{"line":5,"column":13},"end":{"line":5,"column":44}},"9":{"start":{"line":5,"column":59},"end":{"line":5,"column":91}},"10":{"start":{"line":6,"column":12},"end":{"line":6,"column":31}},"11":{"start":{"line":6,"column":45},"end":{"line":6,"column":76}},"12":{"start":{"line":6,"column":114},"end":{"line":6,"column":159}},"13":{"start":{"line":8,"column":11},"end":{"line":23,"column":127}},"14":{"start":{"line":8,"column":45},"end":{"line":8,"column":57}},"15":{"start":{"line":8,"column":73},"end":{"line":8,"column":92}},"16":{"start":{"line":8,"column":105},"end":{"line":8,"column":121}},"17":{"start":{"line":8,"column":122},"end":{"line":23,"column":126}},"18":{"start":{"line":28,"column":0},"end":{"line":31,"column":41}},"19":{"start":{"line":31,"column":41},"end":{"line":34,"column":7}}},"fnMap":{"0":{"name":"_interopRequireDefault","decl":{"start":{"line":6,"column":86},"end":{"line":6,"column":108}},"loc":{"start":{"line":6,"column":113},"end":{"line":6,"column":160}},"line":6},"1":{"name":"Header","decl":{"start":{"line":8,"column":20},"end":{"line":8,"column":26}},"loc":{"start":{"line":8,"column":32},"end":{"line":23,"column":127}},"line":8}},"branchMap":{"0":{"loc":{"start":{"line":6,"column":121},"end":{"line":6,"column":158}},"type":"cond-expr","locations":[{"start":{"line":6,"column":141},"end":{"line":6,"column":144}},{"start":{"line":6,"column":145},"end":{"line":6,"column":158}}],"line":6},"1":{"loc":{"start":{"line":6,"column":121},"end":{"line":6,"column":140}},"type":"binary-expr","locations":[{"start":{"line":6,"column":121},"end":{"line":6,"column":124}},{"start":{"line":6,"column":126},"end":{"line":6,"column":140}}],"line":6},"2":{"loc":{"start":{"line":10,"column":0},"end":{"line":18,"column":4}},"type":"cond-expr","locations":[{"start":{"line":11,"column":0},"end":{"line":15,"column":27}},{"start":{"line":18,"column":0},"end":{"line":18,"column":4}}],"line":10}},"s":{"0":0,"1":0,"2":0,"3":0,"4":0,"5":0,"6":0,"7":0,"8":0,"9":0,"10":0,"11":0,"12":0,"13":0,"14":0,"15":0,"16":0,"17":0,"18":0,"19":0},"f":{"0":0,"1":0},"b":{"0":[0,0],"1":[0,0],"2":[0,0]}}
,"/Users/Jacob/Desktop/currency/app/components/Header/index.js": {"path":"/Users/Jacob/Desktop/currency/app/components/Header/index.js","statementMap":{"0":{"start":{"line":1,"column":0},"end":{"line":1,"column":57}},"1":{"start":{"line":1,"column":57},"end":{"line":1,"column":97}},"2":{"start":{"line":1,"column":109},"end":{"line":1,"column":128}},"3":{"start":{"line":1,"column":142},"end":{"line":1,"column":173}},"4":{"start":{"line":2,"column":12},"end":{"line":2,"column":31}},"5":{"start":{"line":2,"column":45},"end":{"line":2,"column":76}},"6":{"start":{"line":2,"column":114},"end":{"line":2,"column":159}},"7":{"start":{"line":2,"column":160},"end":{"line":4,"column":24}},"8":{"start":{"line":4,"column":24},"end":{"line":4,"column":56}}},"fnMap":{"0":{"name":"_interopRequireDefault","decl":{"start":{"line":2,"column":86},"end":{"line":2,"column":108}},"loc":{"start":{"line":2,"column":113},"end":{"line":2,"column":160}},"line":2}},"branchMap":{"0":{"loc":{"start":{"line":2,"column":121},"end":{"line":2,"column":158}},"type":"cond-expr","locations":[{"start":{"line":2,"column":141},"end":{"line":2,"column":144}},{"start":{"line":2,"column":145},"end":{"line":2,"column":158}}],"line":2},"1":{"loc":{"start":{"line":2,"column":121},"end":{"line":2,"column":140}},"type":"binary-expr","locations":[{"start":{"line":2,"column":121},"end":{"line":2,"column":124}},{"start":{"line":2,"column":126},"end":{"line":2,"column":140}}],"line":2}},"s":{"0":0,"1":0,"2":0,"3":0,"4":0,"5":0,"6":0,"7":0,"8":0},"f":{"0":0},"b":{"0":[0,0],"1":[0,0]}}
,"/Users/Jacob/Desktop/currency/app/components/Header/styles.js": {"path":"/Users/Jacob/Desktop/currency/app/components/Header/styles.js","statementMap":{"0":{"start":{"line":1,"column":0},"end":{"line":1,"column":57}},"1":{"start":{"line":1,"column":92},"end":{"line":1,"column":135}},"2":{"start":{"line":1,"column":172},"end":{"line":1,"column":226}},"3":{"start":{"line":1,"column":264},"end":{"line":1,"column":309}},"4":{"start":{"line":1,"column":310},"end":{"line":23,"column":12}}},"fnMap":{"0":{"name":"_interopRequireDefault","decl":{"start":{"line":1,"column":236},"end":{"line":1,"column":258}},"loc":{"start":{"line":1,"column":263},"end":{"line":1,"column":310}},"line":1}},"branchMap":{"0":{"loc":{"start":{"line":1,"column":271},"end":{"line":1,"column":308}},"type":"cond-expr","locations":[{"start":{"line":1,"column":291},"end":{"line":1,"column":294}},{"start":{"line":1,"column":295},"end":{"line":1,"column":308}}],"line":1},"1":{"loc":{"start":{"line":1,"column":271},"end":{"line":1,"column":290}},"type":"binary-expr","locations":[{"start":{"line":1,"column":271},"end":{"line":1,"column":274}},{"start":{"line":1,"column":276},"end":{"line":1,"column":290}}],"line":1}},"s":{"0":0,"1":0,"2":0,"3":0,"4":0},"f":{"0":0},"b":{"0":[0,0],"1":[0,0]}}
,"/Users/Jacob/Desktop/currency/app/components/List/Icon.js": {"path":"/Users/Jacob/Desktop/currency/app/components/List/Icon.js","statementMap":{"0":{"start":{"line":1,"column":0},"end":{"line":1,"column":57}},"1":{"start":{"line":1,"column":68},"end":{"line":1,"column":84}},"2":{"start":{"line":1,"column":97},"end":{"line":1,"column":127}},"3":{"start":{"line":2,"column":17},"end":{"line":2,"column":40}},"4":{"start":{"line":3,"column":15},"end":{"line":3,"column":36}},"5":{"start":{"line":3,"column":53},"end":{"line":3,"column":87}},"6":{"start":{"line":4,"column":12},"end":{"line":4,"column":31}},"7":{"start":{"line":4,"column":45},"end":{"line":4,"column":76}},"8":{"start":{"line":5,"column":11},"end":{"line":5,"column":40}},"9":{"start":{"line":5,"column":53},"end":{"line":5,"column":83}},"10":{"start":{"line":5,"column":121},"end":{"line":5,"column":166}},"11":{"start":{"line":7,"column":9},"end":{"line":29,"column":1}},"12":{"start":{"line":7,"column":43},"end":{"line":7,"column":57}},"13":{"start":{"line":7,"column":66},"end":{"line":7,"column":78}},"14":{"start":{"line":7,"column":94},"end":{"line":7,"column":113}},"15":{"start":{"line":8,"column":0},"end":{"line":27,"column":1}},"16":{"start":{"line":9,"column":14},"end":{"line":9,"column":37}},"17":{"start":{"line":10,"column":0},"end":{"line":12,"column":1}},"18":{"start":{"line":11,"column":0},"end":{"line":11,"column":45}},"19":{"start":{"line":13,"column":0},"end":{"line":15,"column":1}},"20":{"start":{"line":14,"column":0},"end":{"line":14,"column":49}},"21":{"start":{"line":16,"column":0},"end":{"line":24,"column":7}},"22":{"start":{"line":28,"column":0},"end":{"line":28,"column":86}},"23":{"start":{"line":31,"column":0},"end":{"line":34,"column":43}},"24":{"start":{"line":34,"column":43},"end":{"line":37,"column":5}}},"fnMap":{"0":{"name":"_interopRequireDefault","decl":{"start":{"line":5,"column":93},"end":{"line":5,"column":115}},"loc":{"start":{"line":5,"column":120},"end":{"line":5,"column":167}},"line":5},"1":{"name":"Icon","decl":{"start":{"line":7,"column":18},"end":{"line":7,"column":22}},"loc":{"start":{"line":7,"column":28},"end":{"line":29,"column":1}},"line":7}},"branchMap":{"0":{"loc":{"start":{"line":5,"column":128},"end":{"line":5,"column":165}},"type":"cond-expr","locations":[{"start":{"line":5,"column":148},"end":{"line":5,"column":151}},{"start":{"line":5,"column":152},"end":{"line":5,"column":165}}],"line":5},"1":{"loc":{"start":{"line":5,"column":128},"end":{"line":5,"column":147}},"type":"binary-expr","locations":[{"start":{"line":5,"column":128},"end":{"line":5,"column":131}},{"start":{"line":5,"column":133},"end":{"line":5,"column":147}}],"line":5},"2":{"loc":{"start":{"line":8,"column":0},"end":{"line":27,"column":1}},"type":"if","locations":[{"start":{"line":8,"column":0},"end":{"line":27,"column":1}},{"start":{"line":8,"column":0},"end":{"line":27,"column":1}}],"line":8},"3":{"loc":{"start":{"line":10,"column":0},"end":{"line":12,"column":1}},"type":"if","locations":[{"start":{"line":10,"column":0},"end":{"line":12,"column":1}},{"start":{"line":10,"column":0},"end":{"line":12,"column":1}}],"line":10},"4":{"loc":{"start":{"line":13,"column":0},"end":{"line":15,"column":1}},"type":"if","locations":[{"start":{"line":13,"column":0},"end":{"line":15,"column":1}},{"start":{"line":13,"column":0},"end":{"line":15,"column":1}}],"line":13},"5":{"loc":{"start":{"line":18,"column":0},"end":{"line":24,"column":4}},"type":"cond-expr","locations":[{"start":{"line":19,"column":0},"end":{"line":22,"column":24}},{"start":{"line":24,"column":0},"end":{"line":24,"column":4}}],"line":18}},"s":{"0":0,"1":0,"2":0,"3":0,"4":0,"5":0,"6":0,"7":0,"8":0,"9":0,"10":0,"11":0,"12":0,"13":0,"14":0,"15":0,"16":0,"17":0,"18":0,"19":0,"20":0,"21":0,"22":0,"23":0,"24":0},"f":{"0":0,"1":0},"b":{"0":[0,0],"1":[0,0],"2":[0,0],"3":[0,0],"4":[0,0],"5":[0,0]}}
,"/Users/Jacob/Desktop/currency/app/components/List/ListItems.js": {"path":"/Users/Jacob/Desktop/currency/app/components/List/ListItems.js","statementMap":{"0":{"start":{"line":1,"column":0},"end":{"line":1,"column":57}},"1":{"start":{"line":1,"column":68},"end":{"line":1,"column":84}},"2":{"start":{"line":1,"column":97},"end":{"line":1,"column":127}},"3":{"start":{"line":2,"column":17},"end":{"line":2,"column":40}},"4":{"start":{"line":3,"column":15},"end":{"line":3,"column":36}},"5":{"start":{"line":3,"column":53},"end":{"line":3,"column":87}},"6":{"start":{"line":4,"column":12},"end":{"line":4,"column":31}},"7":{"start":{"line":4,"column":45},"end":{"line":4,"column":76}},"8":{"start":{"line":5,"column":10},"end":{"line":5,"column":27}},"9":{"start":{"line":5,"column":39},"end":{"line":5,"column":68}},"10":{"start":{"line":5,"column":106},"end":{"line":5,"column":151}},"11":{"start":{"line":7,"column":14},"end":{"line":26,"column":15}},"12":{"start":{"line":8,"column":8},"end":{"line":8,"column":20}},"13":{"start":{"line":9,"column":5},"end":{"line":9,"column":14}},"14":{"start":{"line":9,"column":29},"end":{"line":10,"column":8}},"15":{"start":{"line":10,"column":18},"end":{"line":10,"column":63}},"16":{"start":{"line":10,"column":79},"end":{"line":11,"column":9}},"17":{"start":{"line":11,"column":20},"end":{"line":11,"column":66}},"18":{"start":{"line":11,"column":80},"end":{"line":12,"column":7}},"19":{"start":{"line":12,"column":16},"end":{"line":12,"column":58}},"20":{"start":{"line":12,"column":75},"end":{"line":13,"column":10}},"21":{"start":{"line":13,"column":22},"end":{"line":13,"column":70}},"22":{"start":{"line":14,"column":15},"end":{"line":14,"column":34}},"23":{"start":{"line":14,"column":35},"end":{"line":26,"column":14}},"24":{"start":{"line":31,"column":0},"end":{"line":38,"column":43}},"25":{"start":{"line":38,"column":43},"end":{"line":41,"column":10}}},"fnMap":{"0":{"name":"_interopRequireDefault","decl":{"start":{"line":5,"column":78},"end":{"line":5,"column":100}},"loc":{"start":{"line":5,"column":105},"end":{"line":5,"column":152}},"line":5},"1":{"name":"ListItems","decl":{"start":{"line":7,"column":23},"end":{"line":7,"column":32}},"loc":{"start":{"line":7,"column":38},"end":{"line":26,"column":15}},"line":7}},"branchMap":{"0":{"loc":{"start":{"line":5,"column":113},"end":{"line":5,"column":150}},"type":"cond-expr","locations":[{"start":{"line":5,"column":133},"end":{"line":5,"column":136}},{"start":{"line":5,"column":137},"end":{"line":5,"column":150}}],"line":5},"1":{"loc":{"start":{"line":5,"column":113},"end":{"line":5,"column":132}},"type":"binary-expr","locations":[{"start":{"line":5,"column":113},"end":{"line":5,"column":116}},{"start":{"line":5,"column":118},"end":{"line":5,"column":132}}],"line":5},"2":{"loc":{"start":{"line":10,"column":18},"end":{"line":10,"column":63}},"type":"cond-expr","locations":[{"start":{"line":10,"column":44},"end":{"line":10,"column":49}},{"start":{"line":10,"column":50},"end":{"line":10,"column":63}}],"line":10},"3":{"loc":{"start":{"line":11,"column":20},"end":{"line":11,"column":66}},"type":"cond-expr","locations":[{"start":{"line":11,"column":47},"end":{"line":11,"column":51}},{"start":{"line":11,"column":52},"end":{"line":11,"column":66}}],"line":11},"4":{"loc":{"start":{"line":12,"column":16},"end":{"line":12,"column":58}},"type":"cond-expr","locations":[{"start":{"line":12,"column":41},"end":{"line":12,"column":45}},{"start":{"line":12,"column":46},"end":{"line":12,"column":58}}],"line":12},"5":{"loc":{"start":{"line":13,"column":22},"end":{"line":13,"column":70}},"type":"cond-expr","locations":[{"start":{"line":13,"column":50},"end":{"line":13,"column":54}},{"start":{"line":13,"column":55},"end":{"line":13,"column":70}}],"line":13},"6":{"loc":{"start":{"line":19,"column":0},"end":{"line":25,"column":50}},"type":"cond-expr","locations":[{"start":{"line":20,"column":0},"end":{"line":23,"column":31}},{"start":{"line":25,"column":0},"end":{"line":25,"column":50}}],"line":19}},"s":{"0":0,"1":0,"2":0,"3":0,"4":0,"5":0,"6":0,"7":0,"8":0,"9":0,"10":0,"11":0,"12":0,"13":0,"14":0,"15":0,"16":0,"17":0,"18":0,"19":0,"20":0,"21":0,"22":0,"23":0,"24":0,"25":0},"f":{"0":0,"1":0},"b":{"0":[0,0],"1":[0,0],"2":[0,0],"3":[0,0],"4":[0,0],"5":[0,0],"6":[0,0]}}
,"/Users/Jacob/Desktop/currency/app/components/List/Seperator.js": {"path":"/Users/Jacob/Desktop/currency/app/components/List/Seperator.js","statementMap":{"0":{"start":{"line":1,"column":0},"end":{"line":1,"column":57}},"1":{"start":{"line":1,"column":68},"end":{"line":1,"column":84}},"2":{"start":{"line":1,"column":97},"end":{"line":1,"column":127}},"3":{"start":{"line":2,"column":17},"end":{"line":2,"column":40}},"4":{"start":{"line":3,"column":12},"end":{"line":3,"column":31}},"5":{"start":{"line":3,"column":45},"end":{"line":3,"column":76}},"6":{"start":{"line":3,"column":114},"end":{"line":3,"column":159}},"7":{"start":{"line":5,"column":14},"end":{"line":5,"column":127}},"8":{"start":{"line":5,"column":35},"end":{"line":5,"column":126}},"9":{"start":{"line":5,"column":128},"end":{"line":7,"column":10}}},"fnMap":{"0":{"name":"_interopRequireDefault","decl":{"start":{"line":3,"column":86},"end":{"line":3,"column":108}},"loc":{"start":{"line":3,"column":113},"end":{"line":3,"column":160}},"line":3},"1":{"name":"Seperator","decl":{"start":{"line":5,"column":23},"end":{"line":5,"column":32}},"loc":{"start":{"line":5,"column":34},"end":{"line":5,"column":127}},"line":5}},"branchMap":{"0":{"loc":{"start":{"line":3,"column":121},"end":{"line":3,"column":158}},"type":"cond-expr","locations":[{"start":{"line":3,"column":141},"end":{"line":3,"column":144}},{"start":{"line":3,"column":145},"end":{"line":3,"column":158}}],"line":3},"1":{"loc":{"start":{"line":3,"column":121},"end":{"line":3,"column":140}},"type":"binary-expr","locations":[{"start":{"line":3,"column":121},"end":{"line":3,"column":124}},{"start":{"line":3,"column":126},"end":{"line":3,"column":140}}],"line":3}},"s":{"0":0,"1":0,"2":0,"3":0,"4":0,"5":0,"6":0,"7":0,"8":0,"9":0},"f":{"0":0,"1":0},"b":{"0":[0,0],"1":[0,0]}}
,"/Users/Jacob/Desktop/currency/app/components/List/index.js": {"path":"/Users/Jacob/Desktop/currency/app/components/List/index.js","statementMap":{"0":{"start":{"line":1,"column":0},"end":{"line":1,"column":57}},"1":{"start":{"line":1,"column":57},"end":{"line":1,"column":131}},"2":{"start":{"line":1,"column":143},"end":{"line":1,"column":162}},"3":{"start":{"line":1,"column":176},"end":{"line":1,"column":207}},"4":{"start":{"line":2,"column":15},"end":{"line":2,"column":37}},"5":{"start":{"line":2,"column":54},"end":{"line":2,"column":88}},"6":{"start":{"line":3,"column":15},"end":{"line":3,"column":37}},"7":{"start":{"line":3,"column":54},"end":{"line":3,"column":88}},"8":{"start":{"line":4,"column":10},"end":{"line":4,"column":27}},"9":{"start":{"line":4,"column":39},"end":{"line":4,"column":68}},"10":{"start":{"line":4,"column":106},"end":{"line":4,"column":151}},"11":{"start":{"line":4,"column":152},"end":{"line":6,"column":24}},"12":{"start":{"line":6,"column":24},"end":{"line":6,"column":62}},"13":{"start":{"line":6,"column":62},"end":{"line":6,"column":100}},"14":{"start":{"line":6,"column":100},"end":{"line":6,"column":128}}},"fnMap":{"0":{"name":"_interopRequireDefault","decl":{"start":{"line":4,"column":78},"end":{"line":4,"column":100}},"loc":{"start":{"line":4,"column":105},"end":{"line":4,"column":152}},"line":4}},"branchMap":{"0":{"loc":{"start":{"line":4,"column":113},"end":{"line":4,"column":150}},"type":"cond-expr","locations":[{"start":{"line":4,"column":133},"end":{"line":4,"column":136}},{"start":{"line":4,"column":137},"end":{"line":4,"column":150}}],"line":4},"1":{"loc":{"start":{"line":4,"column":113},"end":{"line":4,"column":132}},"type":"binary-expr","locations":[{"start":{"line":4,"column":113},"end":{"line":4,"column":116}},{"start":{"line":4,"column":118},"end":{"line":4,"column":132}}],"line":4}},"s":{"0":0,"1":0,"2":0,"3":0,"4":0,"5":0,"6":0,"7":0,"8":0,"9":0,"10":0,"11":0,"12":0,"13":0,"14":0},"f":{"0":0},"b":{"0":[0,0],"1":[0,0]}}
,"/Users/Jacob/Desktop/currency/app/components/List/styles.js": {"path":"/Users/Jacob/Desktop/currency/app/components/List/styles.js","statementMap":{"0":{"start":{"line":1,"column":0},"end":{"line":1,"column":57}},"1":{"start":{"line":1,"column":92},"end":{"line":1,"column":135}},"2":{"start":{"line":1,"column":172},"end":{"line":1,"column":226}},"3":{"start":{"line":2,"column":17},"end":{"line":2,"column":40}},"4":{"start":{"line":2,"column":78},"end":{"line":2,"column":123}},"5":{"start":{"line":2,"column":124},"end":{"line":36,"column":12}}},"fnMap":{"0":{"name":"_interopRequireDefault","decl":{"start":{"line":2,"column":50},"end":{"line":2,"column":72}},"loc":{"start":{"line":2,"column":77},"end":{"line":2,"column":124}},"line":2}},"branchMap":{"0":{"loc":{"start":{"line":2,"column":85},"end":{"line":2,"column":122}},"type":"cond-expr","locations":[{"start":{"line":2,"column":105},"end":{"line":2,"column":108}},{"start":{"line":2,"column":109},"end":{"line":2,"column":122}}],"line":2},"1":{"loc":{"start":{"line":2,"column":85},"end":{"line":2,"column":104}},"type":"binary-expr","locations":[{"start":{"line":2,"column":85},"end":{"line":2,"column":88}},{"start":{"line":2,"column":90},"end":{"line":2,"column":104}}],"line":2}},"s":{"0":0,"1":0,"2":0,"3":0,"4":0,"5":0},"f":{"0":0},"b":{"0":[0,0],"1":[0,0]}}
,"/Users/Jacob/Desktop/currency/app/components/Logo/Logo.js": {"path":"/Users/Jacob/Desktop/currency/app/components/Logo/Logo.js","statementMap":{"0":{"start":{"line":1,"column":0},"end":{"line":1,"column":57}},"1":{"start":{"line":1,"column":74},"end":{"line":1,"column":566}},"2":{"start":{"line":1,"column":125},"end":{"line":1,"column":367}},"3":{"start":{"line":1,"column":172},"end":{"line":1,"column":180}},"4":{"start":{"line":1,"column":181},"end":{"line":1,"column":232}},"5":{"start":{"line":1,"column":232},"end":{"line":1,"column":261}},"6":{"start":{"line":1,"column":261},"end":{"line":1,"column":310}},"7":{"start":{"line":1,"column":285},"end":{"line":1,"column":310}},"8":{"start":{"line":1,"column":310},"end":{"line":1,"column":366}},"9":{"start":{"line":1,"column":368},"end":{"line":1,"column":563}},"10":{"start":{"line":1,"column":420},"end":{"line":1,"column":485}},"11":{"start":{"line":1,"column":434},"end":{"line":1,"column":485}},"12":{"start":{"line":1,"column":485},"end":{"line":1,"column":542}},"13":{"start":{"line":1,"column":500},"end":{"line":1,"column":542}},"14":{"start":{"line":1,"column":542},"end":{"line":1,"column":561}},"15":{"start":{"line":1,"column":595},"end":{"line":1,"column":611}},"16":{"start":{"line":1,"column":624},"end":{"line":1,"column":654}},"17":{"start":{"line":2,"column":15},"end":{"line":2,"column":36}},"18":{"start":{"line":2,"column":53},"end":{"line":2,"column":87}},"19":{"start":{"line":3,"column":17},"end":{"line":3,"column":40}},"20":{"start":{"line":4,"column":16},"end":{"line":4,"column":50}},"21":{"start":{"line":4,"column":68},"end":{"line":4,"column":103}},"22":{"start":{"line":5,"column":10},"end":{"line":5,"column":38}},"23":{"start":{"line":5,"column":50},"end":{"line":5,"column":79}},"24":{"start":{"line":6,"column":12},"end":{"line":6,"column":31}},"25":{"start":{"line":6,"column":45},"end":{"line":6,"column":76}},"26":{"start":{"line":6,"column":114},"end":{"line":6,"column":159}},"27":{"start":{"line":6,"column":207},"end":{"line":6,"column":304}},"28":{"start":{"line":6,"column":246},"end":{"line":6,"column":303}},"29":{"start":{"line":6,"column":352},"end":{"line":6,"column":449}},"30":{"start":{"line":6,"column":362},"end":{"line":6,"column":448}},"31":{"start":{"line":6,"column":449},"end":{"line":6,"column":523}},"32":{"start":{"line":6,"column":564},"end":{"line":6,"column":717}},"33":{"start":{"line":6,"column":618},"end":{"line":6,"column":716}},"34":{"start":{"line":6,"column":717},"end":{"line":6,"column":864}},"35":{"start":{"line":6,"column":864},"end":{"line":6,"column":973}},"36":{"start":{"line":6,"column":878},"end":{"line":6,"column":973}},"37":{"start":{"line":8,"column":6},"end":{"line":94,"column":97}},"38":{"start":{"line":8,"column":40},"end":{"line":8,"column":67}},"39":{"start":{"line":12,"column":21},"end":{"line":12,"column":48}},"40":{"start":{"line":12,"column":58},"end":{"line":13,"column":7}},"41":{"start":{"line":15,"column":0},"end":{"line":15,"column":96}},"42":{"start":{"line":16,"column":0},"end":{"line":16,"column":83}},"43":{"start":{"line":18,"column":0},"end":{"line":18,"column":50}},"44":{"start":{"line":19,"column":0},"end":{"line":19,"column":50}},"45":{"start":{"line":19,"column":50},"end":{"line":19,"column":63}},"46":{"start":{"line":20,"column":1},"end":{"line":94,"column":5}},"47":{"start":{"line":22,"column":7},"end":{"line":22,"column":52}},"48":{"start":{"line":23,"column":0},"end":{"line":25,"column":19}},"49":{"start":{"line":27,"column":0},"end":{"line":29,"column":19}},"50":{"start":{"line":33,"column":0},"end":{"line":33,"column":35}},"51":{"start":{"line":34,"column":0},"end":{"line":34,"column":35}},"52":{"start":{"line":38,"column":0},"end":{"line":47,"column":8}},"53":{"start":{"line":51,"column":0},"end":{"line":60,"column":8}},"54":{"start":{"line":64,"column":19},"end":{"line":68,"column":33}},"55":{"start":{"line":72,"column":15},"end":{"line":75,"column":59}},"56":{"start":{"line":78,"column":0},"end":{"line":91,"column":102}},"57":{"start":{"line":94,"column":5},"end":{"line":94,"column":17}},"58":{"start":{"line":94,"column":99},"end":{"line":97,"column":5}}},"fnMap":{"0":{"name":"(anonymous_0)","decl":{"start":{"line":1,"column":74},"end":{"line":1,"column":75}},"loc":{"start":{"line":1,"column":84},"end":{"line":1,"column":564}},"line":1},"1":{"name":"defineProperties","decl":{"start":{"line":1,"column":94},"end":{"line":1,"column":110}},"loc":{"start":{"line":1,"column":124},"end":{"line":1,"column":368}},"line":1},"2":{"name":"(anonymous_2)","decl":{"start":{"line":1,"column":375},"end":{"line":1,"column":376}},"loc":{"start":{"line":1,"column":419},"end":{"line":1,"column":562}},"line":1},"3":{"name":"_interopRequireDefault","decl":{"start":{"line":6,"column":86},"end":{"line":6,"column":108}},"loc":{"start":{"line":6,"column":113},"end":{"line":6,"column":160}},"line":6},"4":{"name":"_classCallCheck","decl":{"start":{"line":6,"column":169},"end":{"line":6,"column":184}},"loc":{"start":{"line":6,"column":206},"end":{"line":6,"column":305}},"line":6},"5":{"name":"_possibleConstructorReturn","decl":{"start":{"line":6,"column":314},"end":{"line":6,"column":340}},"loc":{"start":{"line":6,"column":351},"end":{"line":6,"column":524}},"line":6},"6":{"name":"_inherits","decl":{"start":{"line":6,"column":533},"end":{"line":6,"column":542}},"loc":{"start":{"line":6,"column":563},"end":{"line":6,"column":974}},"line":6},"7":{"name":"(anonymous_7)","decl":{"start":{"line":8,"column":19},"end":{"line":8,"column":20}},"loc":{"start":{"line":8,"column":39},"end":{"line":94,"column":18}},"line":8},"8":{"name":"Logo","decl":{"start":{"line":12,"column":9},"end":{"line":12,"column":13}},"loc":{"start":{"line":12,"column":20},"end":{"line":20,"column":1}},"line":12},"9":{"name":"componentDidMount","decl":{"start":{"line":20,"column":60},"end":{"line":20,"column":77}},"loc":{"start":{"line":21,"column":0},"end":{"line":31,"column":1}},"line":21},"10":{"name":"componentWillUnmount","decl":{"start":{"line":31,"column":46},"end":{"line":31,"column":66}},"loc":{"start":{"line":32,"column":0},"end":{"line":35,"column":1}},"line":32},"11":{"name":"keyboardShow","decl":{"start":{"line":35,"column":38},"end":{"line":35,"column":50}},"loc":{"start":{"line":37,"column":0},"end":{"line":48,"column":1}},"line":37},"12":{"name":"keyboardHide","decl":{"start":{"line":48,"column":38},"end":{"line":48,"column":50}},"loc":{"start":{"line":50,"column":0},"end":{"line":61,"column":1}},"line":50},"13":{"name":"render","decl":{"start":{"line":61,"column":32},"end":{"line":61,"column":38}},"loc":{"start":{"line":63,"column":0},"end":{"line":94,"colu
[...]
"column":268}},"26":{"start":{"line":6,"column":317},"end":{"line":6,"column":414}},"27":{"start":{"line":6,"column":327},"end":{"line":6,"column":413}},"28":{"start":{"line":6,"column":414},"end":{"line":6,"column":488}},"29":{"start":{"line":6,"column":529},"end":{"line":6,"column":682}},"30":{"start":{"line":6,"column":583},"end":{"line":6,"column":681}},"31":{"start":{"line":6,"column":682},"end":{"line":6,"column":829}},"32":{"start":{"line":6,"column":829},"end":{"line":6,"column":938}},"33":{"start":{"line":6,"column":843},"end":{"line":6,"column":938}},"34":{"start":{"line":8,"column":15},"end":{"line":8,"column":58}},"35":{"start":{"line":9,"column":14},"end":{"line":9,"column":23}},"36":{"start":{"line":10,"column":13},"end":{"line":10,"column":15}},"37":{"start":{"line":12,"column":8},"end":{"line":56,"column":141}},"38":{"start":{"line":12,"column":43},"end":{"line":12,"column":72}},"39":{"start":{"line":12,"column":120},"end":{"line":12,"column":149}},"40":{"start":{"line":12,"column":149},"end":{"line":12,"column":249}},"41":{"start":{"line":12,"column":221},"end":{"line":12,"column":248}},"42":{"start":{"line":12,"column":249},"end":{"line":24,"column":48}},"43":{"start":{"line":18,"column":0},"end":{"line":18,"column":41}},"44":{"start":{"line":22,"column":0},"end":{"line":23,"column":75}},"45":{"start":{"line":22,"column":73},"end":{"line":23,"column":72}},"46":{"start":{"line":24,"column":49},"end":{"line":56,"column":5}},"47":{"start":{"line":27,"column":0},"end":{"line":53,"column":54}},"48":{"start":{"line":56,"column":5},"end":{"line":56,"column":19}},"49":{"start":{"line":56,"column":143},"end":{"line":59,"column":32}}},"fnMap":{"0":{"name":"(anonymous_0)","decl":{"start":{"line":1,"column":74},"end":{"line":1,"column":75}},"loc":{"start":{"line":1,"column":84},"end":{"line":1,"column":564}},"line":1},"1":{"name":"defineProperties","decl":{"start":{"line":1,"column":94},"end":{"line":1,"column":110}},"loc":{"start":{"line":1,"column":124},"end":{"line":1,"column":368}},"line":1},"2":{"name":"(anonymous_2)","decl":{"start":{"line":1,"column":375},"end":{"line":1,"column":376}},"loc":{"start":{"line":1,"column":419},"end":{"line":1,"column":562}},"line":1},"3":{"name":"_interopRequireDefault","decl":{"start":{"line":6,"column":51},"end":{"line":6,"column":73}},"loc":{"start":{"line":6,"column":78},"end":{"line":6,"column":125}},"line":6},"4":{"name":"_classCallCheck","decl":{"start":{"line":6,"column":134},"end":{"line":6,"column":149}},"loc":{"start":{"line":6,"column":171},"end":{"line":6,"column":270}},"line":6},"5":{"name":"_possibleConstructorReturn","decl":{"start":{"line":6,"column":279},"end":{"line":6,"column":305}},"loc":{"start":{"line":6,"column":316},"end":{"line":6,"column":489}},"line":6},"6":{"name":"_inherits","decl":{"start":{"line":6,"column":498},"end":{"line":6,"column":507}},"loc":{"start":{"line":6,"column":528},"end":{"line":6,"column":939}},"line":6},"7":{"name":"(anonymous_7)","decl":{"start":{"line":12,"column":22},"end":{"line":12,"column":23}},"loc":{"start":{"line":12,"column":42},"end":{"line":56,"column":20}},"line":12},"8":{"name":"Option","decl":{"start":{"line":12,"column":81},"end":{"line":12,"column":87}},"loc":{"start":{"line":12,"column":89},"end":{"line":24,"column":49}},"line":12},"9":{"name":"(anonymous_9)","decl":{"start":{"line":17,"column":17},"end":{"line":17,"column":18}},"loc":{"start":{"line":17,"column":27},"end":{"line":19,"column":1}},"line":17},"10":{"name":"(anonymous_10)","decl":{"start":{"line":21,"column":16},"end":{"line":21,"column":17}},"loc":{"start":{"line":21,"column":26},"end":{"line":24,"column":1}},"line":21},"11":{"name":"(anonymous_11)","decl":{"start":{"line":22,"column":62},"end":{"line":22,"column":63}},"loc":{"start":{"line":22,"column":72},"end":{"line":23,"column":73}},"line":22},"12":{"name":"render","decl":{"start":{"line":24,"column":99},"end":{"line":24,"column":105}},"loc":{"start":{"line":26,"column":0},"end":{"line":56,"column":1}},"line":26}},"branchMap":{"0":{"loc":{"start":{"line":1,"column":203},"end":{"line":1,"column":231}},"type":"binary-expr","locations":[{"start":{"line":1,"column":203},"end":{"line":1,"column":224}},{"start":{"line":1,"column":226},"end":{"line":1,"column":231}}],"line":1},"1":{"loc":{"start":{"line":1,"column":261},"end":{"line":1,"column":310}},"type":"if","locations":[{"start":{"line":1,"column":261},"end":{"line":1,"column":310}},{"start":{"line":1,"column":261},"end":{"line":1,"column":310}}],"line":1},"2":{"loc":{"start":{"line":1,"column":420},"end":{"line":1,"column":485}},"type":"if","locations":[{"start":{"line":1,"column":420},"end":{"line":1,"column":485}},{"start":{"line":1,"column":420},"end":{"line":1,"column":485}}],"line":1},"3":{"loc":{"start":{"line":1,"column":485},"end":{"line":1,"column":542}},"type":"if","locations":[{"start":{"line":1,"column":485},"end":{"line":1,"column":542}},{"start":{"line":1,"column":485},"end":{"line":1,"column":542}}],"line":1},"4":{"loc":{"start":{"line":6,"column":86},"end":{"line":6,"column":123}},"type":"cond-expr","locations":[{"start":{"line":6,"column":106},"end":{"line":6,"column":109}},{"start":{"line":6,"column":110},"end":{"line":6,"column":123}}],"line":6},"5":{"loc":{"start":{"line":6,"column":86},"end":{"line":6,"column":105}},"type":"binary-expr","locations":[{"start":{"line":6,"column":86},"end":{"line":6,"column":89}},{"start":{"line":6,"column":91},"end":{"line":6,"column":105}}],"line":6},"6":{"loc":{"start":{"line":6,"column":172},"end":{"line":6,"column":269}},"type":"if","locations":[{"start":{"line":6,"column":172},"end":{"line":6,"column":269}},{"start":{"line":6,"column":172},"end":{"line":6,"column":269}}],"line":6},"7":{"loc":{"start":{"line":6,"column":317},"end":{"line":6,"column":414}},"type":"if","locations":[{"start":{"line":6,"column":317},"end":{"line":6,"column":414}},{"start":{"line":6,"column":317},"end":{"line":6,"column":414}}],"line":6},"8":{"loc":{"start":{"line":6,"column":421},"end":{"line":6,"column":487}},"type":"cond-expr","locations":[{"start":{"line":6,"column":478},"end":{"line":6,"column":482}},{"start":{"line":6,"column":483},"end":{"line":6,"column":487}}],"line":6},"9":{"loc":{"start":{"line":6,"column":421},"end":{"line":6,"column":477}},"type":"binary-expr","locations":[{"start":{"line":6,"column":421},"end":{"line":6,"column":425}},{"start":{"line":6,"column":428},"end":{"line":6,"column":450}},{"start":{"line":6,"column":452},"end":{"line":6,"column":476}}],"line":6},"10":{"loc":{"start":{"line":6,"column":529},"end":{"line":6,"column":682}},"type":"if","locations":[{"start":{"line":6,"column":529},"end":{"line":6,"column":682}},{"start":{"line":6,"column":529},"end":{"line":6,"column":682}}],"line":6},"11":{"loc":{"start":{"line":6,"column":532},"end":{"line":6,"column":581}},"type":"binary-expr","locations":[{"start":{"line":6,"column":532},"end":{"line":6,"column":562}},{"start":{"line":6,"column":564},"end":{"line":6,"column":581}}],"line":6},"12":{"loc":{"start":{"line":6,"column":715},"end":{"line":6,"column":747}},"type":"binary-expr","locations":[{"start":{"line":6,"column":715},"end":{"line":6,"column":725}},{"start":{"line":6,"column":727},"end":{"line":6,"column":747}}],"line":6},"13":{"loc":{"start":{"line":6,"column":829},"end":{"line":6,"column":938}},"type":"if","locations":[{"start":{"line":6,"column":829},"end":{"line":6,"column":938}},{"start":{"line":6,"column":829},"end":{"line":6,"column":938}}],"line":6},"14":{"loc":{"start":{"line":6,"column":843},"end":{"line":6,"column":937}},"type":"cond-expr","locations":[{"start":{"line":6,"column":865},"end":{"line":6,"column":907}},{"start":{"line":6,"column":908},"end":{"line":6,"column":937}}],"line":6},"15":{"loc":{"start":{"line":8,"column":15},"end":{"line":8,"column":58}},"type":"cond-expr","locations":[{"start":{"line":8,"column":48},"end":{"line":8,"column":53}},{"start":{"line":8,"column":54},"end":{"line":8,"column":58}}],"line":8},"16":{"loc":{"start":{"line":12,"column":313},"end":{"line":12,"column":360}},"type":"binary-expr","locations":[{"start":{"line":12,"column":313},"end":{"line":12,"column":329}},{"start":{"line":12,"column":331},"end":{"line":12,"column":360}}],"line":12}},"s":{"0":0,"1":0,"2":0,"3":0,"4":0,"5":0,"6":0,"7":0,"8":0,"9":0,"10":0,"11":0,"12":0,"13":0,"14":0,"15":0,"16":0,"17":0,"18":0,"19":0,"20":0,"21":0,"22":0,"23":0,"24":0,"25":0,"26":0,"27":0,"28":0,"29":0,"30":0,"31":0,"32":0,"33":0,"34":0,"35":0,"36":0,"37":0,"38":0,"39":0,"40":0,"41":0,"42":0,"43":0,"44":0,"45":0,"46":0,"47":0,"48":0,"49":0},"f":{"0":0,"1":0,"2":0,"3":0,"4":0,"5":0,"6":0,"7":0,"8":0,"9":0,"10":0,"11":0,"12":0},"b":{"0":[0,0],"1":[0,0],"2":[0,0],"3":[0,0],"4":[0,0],"5":[0,0],"6":[0,0],"7":[0,0],"8":[0,0],"9":[0,0,0],"10":[0,0],"11":[0,0],"12":[0,0],"13":[0,0],"14":[0,0],"15":[0,0],"16":[0,0]}}
,"/Users/Jacob/Desktop/currency/app/screen/Theme.js": {"path":"/Users/Jacob/Desktop/currency/app/screen/Theme.js","statementMap":{"0":{"start":{"line":1,"column":0},"end":{"line":1,"column":57}},"1":{"start":{"line":1,"column":74},"end":{"line":1,"column":566}},"2":{"start":{"line":1,"column":125},"end":{"line":1,"column":367}},"3":{"start":{"line":1,"column":172},"end":{"line":1,"column":180}},"4":{"start":{"line":1,"column":181},"end":{"line":1,"column":232}},"5":{"start":{"line":1,"column":232},"end":{"line":1,"column":261}},"6":{"start":{"line":1,"column":261},"end":{"line":1,"column":310}},"7":{"start":{"line":1,"column":285},"end":{"line":1,"column":310}},"8":{"start":{"line":1,"column":310},"end":{"line":1,"column":366}},"9":{"start":{"line":1,"column":368},"end":{"line":1,"column":563}},"10":{"start":{"line":1,"column":420},"end":{"line":1,"column":485}},"11":{"start":{"line":1,"column":434},"end":{"line":1,"column":485}},"12":{"start":{"line":1,"column":485},"end":{"line":1,"column":542}},"13":{"start":{"line":1,"column":500},"end":{"line":1,"column":542}},"14":{"start":{"line":1,"column":542},"end":{"line":1,"column":561}},"15":{"start":{"line":1,"column":595},"end":{"line":1,"column":611}},"16":{"start":{"line":1,"column":624},"end":{"line":1,"column":654}},"17":{"start":{"line":2,"column":15},"end":{"line":2,"column":36}},"18":{"start":{"line":2,"column":53},"end":{"line":2,"column":87}},"19":{"start":{"line":3,"column":17},"end":{"line":3,"column":40}},"20":{"start":{"line":4,"column":10},"end":{"line":4,"column":39}},"21":{"start":{"line":5,"column":35},"end":{"line":5,"column":78}},"22":{"start":{"line":5,"column":115},"end":{"line":5,"column":169}},"23":{"start":{"line":6,"column":16},"end":{"line":6,"column":38}},"24":{"start":{"line":7,"column":12},"end":{"line":7,"column":40}},"25":{"start":{"line":7,"column":78},"end":{"line":7,"column":123}},"26":{"start":{"line":7,"column":171},"end":{"line":7,"column":268}},"27":{"start":{"line":7,"column":210},"end":{"line":7,"column":267}},"28":{"start":{"line":7,"column":316},"end":{"line":7,"column":413}},"29":{"start":{"line":7,"column":326},"end":{"line":7,"column":412}},"30":{"start":{"line":7,"column":413},"end":{"line":7,"column":487}},"31":{"start":{"line":7,"column":528},"end":{"line":7,"column":681}},"32":{"start":{"line":7,"column":582},"end":{"line":7,"column":680}},"33":{"start":{"line":7,"column":681},"end":{"line":7,"column":828}},"34":{"start":{"line":7,"column":828},"end":{"line":7,"column":937}},"35":{"start":{"line":7,"column":842},"end":{"line":7,"column":937}},"36":{"start":{"line":9,"column":11},"end":{"line":13,"column":26}},"37":{"start":{"line":16,"column":7},"end":{"line":69,"column":134}},"38":{"start":{"line":16,"column":41},"end":{"line":16,"column":69}},"39":{"start":{"line":22,"column":22},"end":{"line":22,"column":50}},"40":{"start":{"line":22,"column":60},"end":{"line":23,"column":7}},"41":{"start":{"line":24,"column":0},"end":{"line":24,"column":58}},"42":{"start":{"line":24,"column":58},"end":{"line":24,"column":71}},"43":{"start":{"line":25,"column":1},"end":{"line":69,"column":5}},"44":{"start":{"line":27,"column":0},"end":{"line":27,"column":52}},"45":{"start":{"line":28,"column":0},"end":{"line":28,"column":31}},"46":{"start":{"line":31,"column":12},"end":{"line":31,"column":16}},"47":{"start":{"line":32,"column":0},"end":{"line":66,"column":54}},"48":{"start":{"line":37,"column":27},"end":{"line":37,"column":72}},"49":{"start":{"line":45,"column":27},"end":{"line":45,"column":73}},"50":{"start":{"line":53,"column":27},"end":{"line":53,"column":73}},"51":{"start":{"line":61,"column":27},"end":{"line":61,"column":74}},"52":{"start":{"line":69,"column":5},"end":{"line":69,"column":18}},"53":{"start":{"line":69,"column":136},"end":{"line":72,"column":33}}},"fnMap":{"0":{"name":"(anonymous_0)","decl":{"start":{"line":1,"column":74},"end":{"line":1,"column":75}},"loc":{"start":{"line":1,"column":84},"end":{"line":1,"column":564}},"line":1},"1":{"name":"defineProperties","decl":{"start":{"line":1,"column":94},"end":{"line":1,"column":110}},"loc":{"start":{"line":1,"column":124},"end":{"line":1,"column":368}},"line":1},"2":{"name":"(anonymous_2)","decl":{"start":{"line":1,"column":375},"end":{"line":1,"column":376}},"loc":{"start":{"line":1,"column":419},"end":{"line":1,"column":562}},"line":1},"3":{"name":"_interopRequireDefault","decl":{"start":{"line":7,"column":50},"end":{"line":7,"column":72}},"loc":{"start":{"line":7,"column":77},"end":{"line":7,"column":124}},"line":7},"4":{"name":"_classCallCheck","decl":{"start":{"line":7,"column":133},"end":{"line":7,"column":148}},"loc":{"start":{"line":7,"column":170},"end":{"line":7,"column":269}},"line":7},"5":{"name":"_possibleConstructorReturn","decl":{"start":{"line":7,"column":278},"end":{"line":7,"column":304}},"loc":{"start":{"line":7,"column":315},"end":{"line":7,"column":488}},"line":7},"6":{"name":"_inherits","decl":{"start":{"line":7,"column":497},"end":{"line":7,"column":506}},"loc":{"start":{"line":7,"column":527},"end":{"line":7,"column":938}},"line":7},"7":{"name":"(anonymous_7)","decl":{"start":{"line":16,"column":20},"end":{"line":16,"column":21}},"loc":{"start":{"line":16,"column":40},"end":{"line":69,"column":19}},"line":16},"8":{"name":"Theme","decl":{"start":{"line":22,"column":9},"end":{"line":22,"column":14}},"loc":{"start":{"line":22,"column":21},"end":{"line":25,"column":1}},"line":22},"9":{"name":"handleColorPress","decl":{"start":{"line":25,"column":60},"end":{"line":25,"column":76}},"loc":{"start":{"line":26,"column":6},"end":{"line":29,"column":1}},"line":26},"10":{"name":"render","decl":{"start":{"line":29,"column":32},"end":{"line":29,"column":38}},"loc":{"start":{"line":31,"column":0},"end":{"line":69,"column":1}},"line":31},"11":{"name":"onPress","decl":{"start":{"line":37,"column":17},"end":{"line":37,"column":24}},"loc":{"start":{"line":37,"column":26},"end":{"line":37,"column":73}},"line":37},"12":{"name":"onPress","decl":{"start":{"line":45,"column":17},"end":{"line":45,"column":24}},"loc":{"start":{"line":45,"column":26},"end":{"line":45,"column":74}},"line":45},"13":{"name":"onPress","decl":{"start":{"line":53,"column":17},"end":{"line":53,"column":24}},"loc":{"start":{"line":53,"column":26},"end":{"line":53,"column":74}},"line":53},"14":{"name":"onPress","decl":{"start":{"line":61,"column":17},"end":{"line":61,"column":24}},"loc":{"start":{"line":61,"column":26},"end":{"line":61,"column":75}},"line":61}},"branchMap":{"0":{"loc":{"start":{"line":1,"column":203},"end":{"line":1,"column":231}},"type":"binary-expr","locations":[{"start":{"line":1,"column":203},"end":{"line":1,"column":224}},{"start":{"line":1,"column":226},"end":{"line":1,"column":231}}],"line":1},"1":{"loc":{"start":{"line":1,"column":261},"end":{"line":1,"column":310}},"type":"if","locations":[{"start":{"line":1,"column":261},"end":{"line":1,"column":310}},{"start":{"line":1,"column":261},"end":{"line":1,"column":310}}],"line":1},"2":{"loc":{"start":{"line":1,"column":420},"end":{"line":1,"column":485}},"type":"if","locations":[{"start":{"line":1,"column":420},"end":{"line":1,"column":485}},{"start":{"line":1,"column":420},"end":{"line":1,"column":485}}],"line":1},"3":{"loc":{"start":{"line":1,"column":485},"end":{"line":1,"column":542}},"type":"if","locations":[{"start":{"line":1,"column":485},"end":{"line":1,"column":542}},{"start":{"line":1,"column":485},"end":{"line":1,"column":542}}],"line":1},"4":{"loc":{"start":{"line":7,"column":85},"end":{"line":7,"column":122}},"type":"cond-expr","locations":[{"start":{"line":7,"column":105},"end":{"line":7,"column":108}},{"start":{"line":7,"column":109},"end":{"line":7,"column":122}}],"line":7},"5":{"loc":{"start":{"line":7,"column":85},"end":{"line":7,"column":104}},"type":"binary-expr","locations":[{"start":{"line":7,"column":85},"end":{"line":7,"column":88}},{"start":{"line":7,"column":90},"end":{"line":7,"column":104}}],"line":7},"6":{"loc":{"start":{"line":7,"column":171},"end":{"line":7,"column":268}},"type":"if","locations":[{"start":{"line":7,"column":171},"end":{"line":7,"column":268}},{"start":{"line":7,"column":171},"end":{"line":7,"column":268}}],"line":7},"7":{"loc":{"start":{"line":7,"column":316},"end":{"line":7,"column":413}},"type":"if","locations":[{"start":{"line":7,"column":316},"end":{"line":7,"column":413}},{"start":{"line":7,"column":316},"end":{"line":7,"column":413}}],"line":7},"8":{"loc":{"start":{"line":7,"column":420},"end":{"line":7,"column":486}},"type":"cond-expr","locations":[{"start":{"line":7,"column":477},"end":{"line":7,"column":481}},{"start":{"line":7,"column":482},"end":{"line":7,"column":486}}],"line":7},"9":{"loc":{"start":{"line":7,"column":420},"end":{"line":7,"column":476}},"type":"binary-expr","locations":[{"start":{"line":7,"column":420},"end":{"line":7,"column":424}},{"start":{"line":7,"column":427},"end":{"line":7,"column":449}},{"start":{"line":7,"column":451},"end":{"line":7,"column":475}}],"line":7},"10":{"loc":{"start":{"line":7,"column":528},"end":{"line":7,"column":681}},"type":"if","locations":[{"start":{"line":7,"column":528},"end":{"line":7,"column":681}},{"start":{"line":7,"column":528},"end":{"line":7,"column":681}}],"line":7},"11":{"loc":{"start":{"line":7,"column":531},"end":{"line":7,"column":580}},"type":"binary-expr","locations":[{"start":{"line":7,"column":531},"end":{"line":7,"column":561}},{"start":{"line":7,"column":563},"end":{"line":7,"column":580}}],"line":7},"12":{"loc":{"start":{"line":7,"column":714},"end":{"line":7,"column":746}},"type":"binary-expr","locations":[{"start":{"line":7,"column":714},"end":{"line":7,"column":724}},{"start":{"line":7,"column":726},"end":{"line":7,"column":746}}],"line":7},"13":{"loc":{"start":{"line":7,"column":828},"end":{"line":7,"column":937}},"type":"if","locations":[{"start":{"line":7,"column":828},"end":{"line":7,"column":937}},{"start":{"line":7,"column":828},"end":{"line":7,"column":937}}],"line":7},"14":{"loc":{"start":{"line":7,"column":842},"end":{"line":7,"column":936}},"type":"cond-expr","locations":[{"start":{"line":7,"column":864},"end":{"line":7,"column":906}},{"start":{"line":7,"column":907},"end":{"line":7,"column":936}}],"line":7},"15":{"loc":{"start":{"line":22,"column":93},"end":{"line":22,"column":138}},"type":"binary-expr","locations":[{"start":{"line":22,"column":93},"end":{"line":22,"column":108}},{"start":{"line":22,"column":110},"end":{"line":22,"column":138}}],"line":22}},"s":{"0":0,"1":0,"2":0,"3":0,"4":0,"5":0,"6":0,"7":0,"8":0,"9":0,"10":0,"11":0,"12":0,"13":0,"14":0,"15":0,"16":0,"17":0,"18":0,"19":0,"20":0,"21":0,"22":0,"23":0,"24":0,"25":0,"26":0,"27":0,"28":0,"29":0,"30":0,"31":0,"32":0,"33":0,"34":0,"35":0,"36":0,"37":0,"38":0,"39":0,"40":0,"41":0,"42":0,"43":0,"44":0,"45":0,"46":0,"47":0,"48":0,"49":0,"50":0,"51":0,"52":0,"53":0},"f":{"0":0,"1":0,"2":0,"3":0,"4":0,"5":0,"6":0,"7":0,"8":0,"9":0,"10":0,"11":0,"12":0,"13":0,"14":0},"b":{"0":[0,0],"1":[0,0],"2":[0,0],"3":[0,0],"4":[0,0],"5":[0,0],"6":[0,0],"7":[0,0],"8":[0,0],"9":[0,0,0],"10":[0,0],"11":[0,0],"12":[0,0],"13":[0,0],"14":[0,0],"15":[0,0]}}
}
