TN:
SF:/Users/Jacob/Desktop/currency/app/index.js
FN:6,_interopRequireDefault
FN:21,(anonymous_1)
FNF:2
FNH:0
FNDA:0,_interopRequireDefault
FNDA:0,(anonymous_1)
DA:1,0
DA:2,0
DA:3,0
DA:4,0
DA:5,0
DA:6,0
DA:8,0
DA:18,0
DA:21,0
LF:9
LH:0
BRDA:6,0,0,0
BRDA:6,0,1,0
BRDA:6,1,0,0
BRDA:6,1,1,0
BRF:4
BRH:0
end_of_record
TN:
SF:/Users/Jacob/Desktop/currency/app/actions/currencies.js
FN:9,swapCurrecy
FN:13,changeCurrencyAmount
FN:18,chageBaseCurrency
FN:23,chageQuoteCurrency
FN:28,getInitialConversion
FNF:5
FNH:0
FNDA:0,swapCurrecy
FNDA:0,changeCurrencyAmount
FNDA:0,chageBaseCurrency
FNDA:0,chageQuoteCurrency
FNDA:0,getInitialConversion
DA:1,0
DA:2,0
DA:3,0
DA:4,0
DA:5,0
DA:6,0
DA:7,0
DA:9,0
DA:13,0
DA:18,0
DA:23,0
DA:28,0
LF:12
LH:0
BRF:0
BRH:0
end_of_record
TN:
SF:/Users/Jacob/Desktop/currency/app/actions/network.js
FN:3,changeNetworkStatus
FNF:1
FNH:0
FNDA:0,changeNetworkStatus
DA:1,0
DA:3,0
LF:2
LH:0
BRF:0
BRH:0
end_of_record
TN:
SF:/Users/Jacob/Desktop/currency/app/actions/themes.js
FN:3,changeTheme
FNF:1
FNH:0
FNDA:0,changeTheme
DA:1,0
DA:3,0
LF:2
LH:0
BRF:0
BRH:0
end_of_record
TN:
SF:/Users/Jacob/Desktop/currency/app/components/Alert/AlertProvider.js
FN:1,(anonymous_0)
FN:1,defineProperties
FN:1,(anonymous_2)
FN:4,_interopRequireDefault
FN:4,_classCallCheck
FN:4,_possibleConstructorReturn
FN:4,_inherits
FN:6,(anonymous_7)
FN:6,AlertProvider
FN:6,getChildContext
FN:18,alert
FN:19,alertWithType
FN:21,render
FN:28,ref
FNF:14
FNH:0
FNDA:0,(anonymous_0)
FNDA:0,defineProperties
FNDA:0,(anonymous_2)
FNDA:0,_interopRequireDefault
FNDA:0,_classCallCheck
FNDA:0,_possibleConstructorReturn
FNDA:0,_inherits
FNDA:0,(anonymous_7)
FNDA:0,AlertProvider
FNDA:0,getChildContext
FNDA:0,alert
FNDA:0,alertWithType
FNDA:0,render
FNDA:0,ref
DA:1,0
DA:2,0
DA:3,0
DA:4,0
DA:6,0
DA:16,0
DA:17,0
DA:18,0
DA:19,0
DA:23,0
DA:24,0
DA:29,0
DA:34,0
LF:13
LH:0
BRDA:1,0,0,0
BRDA:1,0,1,0
BRDA:1,1,0,0
BRDA:1,1,1,0
BRDA:1,2,0,0
BRDA:1,2,1,0
BRDA:1,3,0,0
BRDA:1,3,1,0
BRDA:4,4,0,0
BRDA:4,4,1,0
BRDA:4,5,0,0
BRDA:4,5,1,0
BRDA:4,6,0,0
BRDA:4,6,1,0
BRDA:4,7,0,0
BRDA:4,7,1,0
BRDA:4,8,0,0
BRDA:4,8,1,0
BRDA:4,9,0,0
BRDA:4,9,1,0
BRDA:4,9,2,0
BRDA:4,10,0,0
BRDA:4,10,1,0
BRDA:4,11,0,0
BRDA:4,11,1,0
BRDA:4,12,0,0
BRDA:4,12,1,0
BRDA:4,13,0,0
BRDA:4,13,1,0
BRDA:4,14,0,0
BRDA:4,14,1,0
BRDA:6,15,0,0
BRDA:6,15,1,0
BRF:33
BRH:0
end_of_record
TN:
SF:/Users/Jacob/Desktop/currency/app/components/Alert/connectAlert.js
FN:1,(anonymous_0)
FN:1,(anonymous_1)
FN:1,defineProperties
FN:1,(anonymous_3)
FN:4,_interopRequireDefault
FN:4,_classCallCheck
FN:4,_possibleConstructorReturn
FN:4,_inherits
FN:6,connectAlert
FN:7,(anonymous_9)
FN:7,ConnectedAlert
FN:7,render
FNF:12
FNH:0
FNDA:0,(anonymous_0)
FNDA:0,(anonymous_1)
FNDA:0,defineProperties
FNDA:0,(anonymous_3)
FNDA:0,_interopRequireDefault
FNDA:0,_classCallCheck
FNDA:0,_possibleConstructorReturn
FNDA:0,_inherits
FNDA:0,connectAlert
FNDA:0,(anonymous_9)
FNDA:0,ConnectedAlert
FNDA:0,render
DA:1,0
DA:3,0
DA:4,0
DA:6,0
DA:7,0
DA:9,0
DA:16,0
DA:19,0
DA:24,0
DA:25,0
LF:10
LH:0
BRDA:1,0,0,0
BRDA:1,0,1,0
BRDA:1,1,0,0
BRDA:1,1,1,0
BRDA:1,2,0,0
BRDA:1,2,1,0
BRDA:1,3,0,0
BRDA:1,3,1,0
BRDA:1,4,0,0
BRDA:1,4,1,0
BRDA:1,5,0,0
BRDA:1,5,1,0
BRDA:4,6,0,0
BRDA:4,6,1,0
BRDA:4,7,0,0
BRDA:4,7,1,0
BRDA:4,8,0,0
BRDA:4,8,1,0
BRDA:4,9,0,0
BRDA:4,9,1,0
BRDA:4,10,0,0
BRDA:4,10,1,0
BRDA:4,11,0,0
BRDA:4,11,1,0
BRDA:4,11,2,0
BRDA:4,12,0,0
BRDA:4,12,1,0
BRDA:4,13,0,0
BRDA:4,13,1,0
BRDA:4,14,0,0
BRDA:4,14,1,0
BRDA:4,15,0,0
BRDA:4,15,1,0
BRDA:4,16,0,0
BRDA:4,16,1,0
BRDA:7,17,0,0
BRDA:7,17,1,0
BRF:37
BRH:0
end_of_record
TN:
SF:/Users/Jacob/Desktop/currency/app/components/Alert/index.js
FN:2,_interopRequireDefault
FNF:1
FNH:0
FNDA:0,_interopRequireDefault
DA:1,0
DA:2,0
DA:4,0
LF:3
LH:0
BRDA:2,0,0,0
BRDA:2,0,1,0
BRDA:2,1,0,0
BRDA:2,1,1,0
BRF:4
BRH:0
end_of_record
TN:
SF:/Users/Jacob/Desktop/currency/app/components/Animations/animateIn.js
FN:1,(anonymous_0)
FN:1,defineProperties
FN:1,(anonymous_2)
FN:3,_interopRequireDefault
FN:3,_classCallCheck
FN:3,_possibleConstructorReturn
FN:3,_inherits
FN:8,(anonymous_7)
FN:9,AnimateIn
FN:12,componentWillMount
FN:24,render
FNF:11
FNH:0
FNDA:0,(anonymous_0)
FNDA:0,defineProperties
FNDA:0,(anonymous_2)
FNDA:0,_interopRequireDefault
FNDA:0,_classCallCheck
FNDA:0,_possibleConstructorReturn
FNDA:0,_inherits
FNDA:0,(anonymous_7)
FNDA:0,AnimateIn
FNDA:0,componentWillMount
FNDA:0,render
DA:1,0
DA:2,0
DA:3,0
DA:5,0
DA:6,0
DA:8,0
DA:9,0
DA:11,0
DA:12,0
DA:15,0
DA:16,0
DA:22,0
DA:26,0
DA:27,0
DA:28,0
DA:29,0
DA:33,0
DA:34,0
DA:45,0
DA:46,0
DA:59,0
DA:64,0
DA:67,0
DA:71,0
LF:24
LH:0
BRDA:1,0,0,0
BRDA:1,0,1,0
BRDA:1,1,0,0
BRDA:1,1,1,0
BRDA:1,2,0,0
BRDA:1,2,1,0
BRDA:1,3,0,0
BRDA:1,3,1,0
BRDA:3,4,0,0
BRDA:3,4,1,0
BRDA:3,5,0,0
BRDA:3,5,1,0
BRDA:3,6,0,0
BRDA:3,6,1,0
BRDA:3,7,0,0
BRDA:3,7,1,0
BRDA:3,8,0,0
BRDA:3,8,1,0
BRDA:3,9,0,0
BRDA:3,9,1,0
BRDA:3,9,2,0
BRDA:3,10,0,0
BRDA:3,10,1,0
BRDA:3,11,0,0
BRDA:3,11,1,0
BRDA:3,12,0,0
BRDA:3,12,1,0
BRDA:3,13,0,0
BRDA:3,13,1,0
BRDA:3,14,0,0
BRDA:3,14,1,0
BRDA:9,15,0,0
BRDA:9,15,1,0
BRDA:15,16,0,0
BRDA:15,16,1,0
BRDA:18,17,0,0
BRDA:18,17,1,0
BRDA:19,18,0,0
BRDA:19,18,1,0
BRDA:28,19,0,0
BRDA:28,19,1,0
BRDA:33,20,0,0
BRDA:33,20,1,0
BRDA:45,21,0,0
BRDA:45,21,1,0
BRF:45
BRH:0
end_of_record
TN:
SF:/Users/Jacob/Desktop/currency/app/components/Animations/index.js
FN:2,_interopRequireDefault
FNF:1
FNH:0
FNDA:0,_interopRequireDefault
DA:1,0
DA:2,0
DA:4,0
LF:3
LH:0
BRDA:2,0,0,0
BRDA:2,0,1,0
BRDA:2,1,0,0
BRDA:2,1,1,0
BRF:4
BRH:0
end_of_record
TN:
SF:/Users/Jacob/Desktop/currency/app/components/Animations/styles.js
FN:1,_interopRequireDefault
FNF:1
FNH:0
FNDA:0,_interopRequireDefault
DA:1,0
LF:1
LH:0
BRDA:1,0,0,0
BRDA:1,0,1,0
BRDA:1,1,0,0
BRDA:1,1,1,0
BRF:4
BRH:0
end_of_record
TN:
SF:/Users/Jacob/Desktop/currency/app/components/Button/ClearButton.js
FN:5,_interopRequireDefault
FN:7,ClearButton
FNF:2
FNH:0
FNDA:0,_interopRequireDefault
FNDA:0,ClearButton
DA:1,0
DA:2,0
DA:3,0
DA:4,0
DA:5,0
DA:7,0
DA:16,0
DA:18,0
LF:8
LH:0
BRDA:5,0,0,0
BRDA:5,0,1,0
BRDA:5,1,0,0
BRDA:5,1,1,0
BRF:4
BRH:0
end_of_record
TN:
SF:/Users/Jacob/Desktop/currency/app/components/Button/index.js
FN:2,_interopRequireDefault
FNF:1
FNH:0
FNDA:0,_interopRequireDefault
DA:1,0
DA:2,0
DA:4,0
LF:3
LH:0
BRDA:2,0,0,0
BRDA:2,0,1,0
BRDA:2,1,0,0
BRDA:2,1,1,0
BRF:4
BRH:0
end_of_record
TN:
SF:/Users/Jacob/Desktop/currency/app/components/Button/styles.js
FN:1,_interopRequireDefault
FNF:1
FNH:0
FNDA:0,_interopRequireDefault
DA:1,0
LF:1
LH:0
BRDA:1,0,0,0
BRDA:1,0,1,0
BRDA:1,1,0,0
BRDA:1,1,1,0
BRF:4
BRH:0
end_of_record
TN:
SF:/Users/Jacob/Desktop/currency/app/components/Container/Container.js
FN:4,_interopRequireDefault
FN:6,Container
FNF:2
FNH:0
FNDA:0,_interopRequireDefault
FNDA:0,Container
DA:1,0
DA:2,0
DA:3,0
DA:4,0
DA:6,0
DA:7,0
DA:8,0
DA:9,0
DA:11,0
DA:18,0
DA:19,0
LF:11
LH:0
BRDA:4,0,0,0
BRDA:4,0,1,0
BRDA:4,1,0,0
BRDA:4,1,1,0
BRDA:8,2,0,0
BRDA:8,2,1,0
BRF:6
BRH:0
end_of_record
TN:
SF:/Users/Jacob/Desktop/currency/app/components/Container/index.js
FN:2,_interopRequireDefault
FNF:1
FNH:0
FNDA:0,_interopRequireDefault
DA:1,0
DA:2,0
DA:4,0
LF:3
LH:0
BRDA:2,0,0,0
BRDA:2,0,1,0
BRDA:2,1,0,0
BRDA:2,1,1,0
BRF:4
BRH:0
end_of_record
TN:
SF:/Users/Jacob/Desktop/currency/app/components/Container/styles.js
FN:1,_interopRequireDefault
FNF:1
FNH:0
FNDA:0,_interopRequireDefault
DA:1,0
LF:1
LH:0
BRDA:1,0,0,0
BRDA:1,0,1,0
BRDA:1,1,0,0
BRDA:1,1,1,0
BRF:4
BRH:0
end_of_record
TN:
SF:/Users/Jacob/Desktop/currency/app/components/Header/Header.js
FN:6,_interopRequireDefault
FN:8,Header
FNF:2
FNH:0
FNDA:0,_interopRequireDefault
FNDA:0,Header
DA:1,0
DA:2,0
DA:3,0
DA:4,0
DA:5,0
DA:6,0
DA:8,0
DA:28,0
DA:31,0
LF:9
LH:0
BRDA:6,0,0,0
BRDA:6,0,1,0
BRDA:6,1,0,0
BRDA:6,1,1,0
BRDA:10,2,0,0
BRDA:10,2,1,0
BRF:6
BRH:0
end_of_record
TN:
SF:/Users/Jacob/Desktop/currency/app/components/Header/index.js
FN:2,_interopRequireDefault
FNF:1
FNH:0
FNDA:0,_interopRequireDefault
DA:1,0
DA:2,0
DA:4,0
LF:3
LH:0
BRDA:2,0,0,0
BRDA:2,0,1,0
BRDA:2,1,0,0
BRDA:2,1,1,0
BRF:4
BRH:0
end_of_record
TN:
SF:/Users/Jacob/Desktop/currency/app/components/Header/styles.js
FN:1,_interopRequireDefault
FNF:1
FNH:0
FNDA:0,_interopRequireDefault
DA:1,0
LF:1
LH:0
BRDA:1,0,0,0
BRDA:1,0,1,0
BRDA:1,1,0,0
BRDA:1,1,1,0
BRF:4
BRH:0
end_of_record
TN:
SF:/Users/Jacob/Desktop/currency/app/components/List/Icon.js
FN:5,_interopRequireDefault
FN:7,Icon
FNF:2
FNH:0
FNDA:0,_interopRequireDefault
FNDA:0,Icon
DA:1,0
DA:2,0
DA:3,0
DA:4,0
DA:5,0
DA:7,0
DA:8,0
DA:9,0
DA:10,0
DA:11,0
DA:13,0
DA:14,0
DA:16,0
DA:28,0
DA:31,0
DA:34,0
LF:16
LH:0
BRDA:5,0,0,0
BRDA:5,0,1,0
BRDA:5,1,0,0
BRDA:5,1,1,0
BRDA:8,2,0,0
BRDA:8,2,1,0
BRDA:10,3,0,0
BRDA:10,3,1,0
BRDA:13,4,0,0
BRDA:13,4,1,0
BRDA:18,5,0,0
BRDA:18,5,1,0
BRF:12
BRH:0
end_of_record
TN:
SF:/Users/Jacob/Desktop/currency/app/components/List/ListItems.js
FN:5,_interopRequireDefault
FN:7,ListItems
FNF:2
FNH:0
FNDA:0,_interopRequireDefault
FNDA:0,ListItems
DA:1,0
DA:2,0
DA:3,0
DA:4,0
DA:5,0
DA:7,0
DA:8,0
DA:9,0
DA:10,0
DA:11,0
DA:12,0
DA:13,0
DA:14,0
DA:31,0
DA:38,0
LF:15
LH:0
BRDA:5,0,0,0
BRDA:5,0,1,0
BRDA:5,1,0,0
BRDA:5,1,1,0
BRDA:10,2,0,0
BRDA:10,2,1,0
BRDA:11,3,0,0
BRDA:11,3,1,0
BRDA:12,4,0,0
BRDA:12,4,1,0
BRDA:13,5,0,0
BRDA:13,5,1,0
BRDA:19,6,0,0
BRDA:19,6,1,0
BRF:14
BRH:0
end_of_record
TN:
SF:/Users/Jacob/Desktop/currency/app/components/List/Seperator.js
FN:3,_interopRequireDefault
FN:5,Seperator
FNF:2
FNH:0
FNDA:0,_interopRequireDefault
FNDA:0,Seperator
DA:1,0
DA:2,0
DA:3,0
DA:5,0
LF:4
LH:0
BRDA:3,0,0,0
BRDA:3,0,1,0
BRDA:3,1,0,0
BRDA:3,1,1,0
BRF:4
BRH:0
end_of_record
TN:
SF:/Users/Jacob/Desktop/currency/app/components/List/index.js
FN:4,_interopRequireDefault
FNF:1
FNH:0
FNDA:0,_interopRequireDefault
DA:1,0
DA:2,0
DA:3,0
DA:4,0
DA:6,0
LF:5
LH:0
BRDA:4,0,0,0
BRDA:4,0,1,0
BRDA:4,1,0,0
BRDA:4,1,1,0
BRF:4
BRH:0
end_of_record
TN:
SF:/Users/Jacob/Desktop/currency/app/components/List/styles.js
FN:2,_interopRequireDefault
FNF:1
FNH:0
FNDA:0,_interopRequireDefault
DA:1,0
DA:2,0
LF:2
LH:0
BRDA:2,0,0,0
BRDA:2,0,1,0
BRDA:2,1,0,0
BRDA:2,1,1,0
BRF:4
BRH:0
end_of_record
TN:
SF:/Users/Jacob/Desktop/currency/app/components/Logo/Logo.js
FN:1,(anonymous_0)
FN:1,defineProperties
FN:1,(anonymous_2)
FN:6,_interopRequireDefault
FN:6,_classCallCheck
FN:6,_possibleConstructorReturn
FN:6,_inherits
FN:8,(anonymous_7)
FN:12,Logo
FN:20,componentDidMount
FN:31,componentWillUnmount
FN:35,keyboardShow
FN:48,keyboardHide
FN:61,render
FNF:14
FNH:0
FNDA:0,(anonymous_0)
FNDA:0,defineProperties
FNDA:0,(anonymous_2)
FNDA:0,_interopRequireDefault
FNDA:0,_classCallCheck
FNDA:0,_possibleConstructorReturn
FNDA:0,_inherits
FNDA:0,(anonymous_7)
FNDA:0,Logo
FNDA:0,componentDidMount
FNDA:0,componentWillUnmount
FNDA:0,keyboardShow
FNDA:0,keyboardHide
FNDA:0,render
DA:1,0
DA:2,0
DA:3,0
DA:4,0
DA:5,0
DA:6,0
DA:8,0
DA:12,0
DA:15,0
DA:16,0
DA:18,0
DA:19,0
DA:20,0
DA:22,0
DA:23,0
DA:27,0
DA:33,0
DA:34,0
DA:38,0
DA:51,0
DA:64,0
DA:72,0
DA:78,0
DA:94,0
LF:24
LH:0
BRDA:1,0,0,0
BRDA:1,0,1,0
BRDA:1,1,0,0
BRDA:1,1,1,0
BRDA:1,2,0,0
BRDA:1,2,1,0
BRDA:1,3,0,0
BRDA:1,3,1,0
BRDA:6,4,0,0
BRDA:6,4,1,0
BRDA:6,5,0,0
BRDA:6,5,1,0
BRDA:6,6,0,0
BRDA:6,6,1,0
BRDA:6,7,0,0
BRDA:6,7,1,0
BRDA:6,8,0,0
BRDA:6,8,1,0
BRDA:6,9,0,0
BRDA:6,9,1,0
BRDA:6,9,2,0
BRDA:6,10,0,0
BRDA:6,10,1,0
BRDA:6,11,0,0
BRDA:6,11,1,0
BRDA:6,12,0,0
BRDA:6,12,1,0
BRDA:6,13,0,0
BRDA:6,13,1,0
BRDA:6,14,0,0
BRDA:6,14,1,0
BRDA:12,15,0,0
BRDA:12,15,1,0
BRDA:22,16,0,0
BRDA:22,16,1,0
BRDA:75,17,0,0
BRDA:75,17,1,0
BRF:37
BRH:0
end_of_record
TN:
SF:/Users/Jacob/Desktop/currency/app/components/Logo/index.js
FN:2,_interopRequireDefault
FNF:1
FNH:0
FNDA:0,_interopRequireDefault
DA:1,0
DA:2,0
DA:4,0
LF:3
LH:0
BRDA:2,0,0,0
BRDA:2,0,1,0
BRDA:2,1,0,0
BRDA:2,1,1,0
BRF:4
BRH:0
end_of_record
TN:
SF:/Users/Jacob/Desktop/currency/app/components/Logo/styles.js
FN:2,_interopRequireDefault
FNF:1
FNH:0
FNDA:0,_interopRequireDefault
DA:1,0
DA:2,0
DA:4,0
LF:3
LH:0
BRDA:2,0,0,0
BRDA:2,0,1,0
BRDA:2,1,0,0
BRDA:2,1,1,0
BRF:4
BRH:0
end_of_record
TN:
SF:/Users/Jacob/Desktop/currency/app/components/Text/ConversionRate.js
FN:5,_interopRequireDefault
FN:7,ConversionRate
FNF:2
FNH:0
FNDA:0,_interopRequireDefault
FNDA:0,ConversionRate
DA:1,0
DA:2,0
DA:3,0
DA:4,0
DA:5,0
DA:7,0
DA:8,0
DA:28,0
DA:32,0
LF:9
LH:0
BRDA:5,0,0,0
BRDA:5,0,1,0
BRDA:5,1,0,0
BRDA:5,1,1,0
BRF:4
BRH:0
end_of_record
TN:
SF:/Users/Jacob/Desktop/currency/app/components/Text/index.js
FN:2,_interopRequireDefault
FNF:1
FNH:0
FNDA:0,_interopRequireDefault
DA:1,0
DA:2,0
DA:4,0
LF:3
LH:0
BRDA:2,0,0,0
BRDA:2,0,1,0
BRDA:2,1,0,0
BRDA:2,1,1,0
BRF:4
BRH:0
end_of_record
TN:
SF:/Users/Jacob/Desktop/currency/app/components/Text/styles.js
FN:1,_interopRequireDefault
FNF:1
FNH:0
FNDA:0,_interopRequireDefault
DA:1,0
LF:1
LH:0
BRDA:1,0,0,0
BRDA:1,0,1,0
BRDA:1,1,0,0
BRDA:1,1,1,0
BRF:4
BRH:0
end_of_record
TN:
SF:/Users/Jacob/Desktop/currency/app/components/TextInput/InputWithButton.js
FN:1,(anonymous_0)
FN:1,(anonymous_1)
FN:1,defineProperties
FN:1,(anonymous_3)
FN:11,_interopRequireDefault
FN:11,_classCallCheck
FN:11,_possibleConstructorReturn
FN:11,_inherits
FN:13,(anonymous_8)
FN:14,InputWithButton
FN:17,componentDidUpdate
FN:30,render
FNF:12
FNH:0
FNDA:0,(anonymous_0)
FNDA:0,(anonymous_1)
FNDA:0,defineProperties
FNDA:0,(anonymous_3)
FNDA:0,_interopRequireDefault
FNDA:0,_classCallCheck
FNDA:0,_possibleConstructorReturn
FNDA:0,_inherits
FNDA:0,(anonymous_8)
FNDA:0,InputWithButton
FNDA:0,componentDidUpdate
FNDA:0,render
DA:1,0
DA:2,0
DA:9,0
DA:10,0
DA:11,0
DA:13,0
DA:14,0
DA:16,0
DA:17,0
DA:20,0
DA:21,0
DA:35,0
DA:36,0
DA:37,0
DA:39,0
DA:40,0
DA:47,0
DA:48,0
DA:49,0
DA:51,0
DA:68,0
DA:71,0
DA:76,0
LF:23
LH:0
BRDA:1,0,0,0
BRDA:1,0,1,0
BRDA:1,1,0,0
BRDA:1,1,1,0
BRDA:1,2,0,0
BRDA:1,2,1,0
BRDA:1,3,0,0
BRDA:1,3,1,0
BRDA:1,4,0,0
BRDA:1,4,1,0
BRDA:1,5,0,0
BRDA:1,5,1,0
BRDA:11,6,0,0
BRDA:11,6,1,0
BRDA:11,7,0,0
BRDA:11,7,1,0
BRDA:11,8,0,0
BRDA:11,8,1,0
BRDA:11,9,0,0
BRDA:11,9,1,0
BRDA:11,10,0,0
BRDA:11,10,1,0
BRDA:11,11,0,0
BRDA:11,11,1,0
BRDA:11,11,2,0
BRDA:11,12,0,0
BRDA:11,12,1,0
BRDA:11,13,0,0
BRDA:11,13,1,0
BRDA:11,14,0,0
BRDA:11,14,1,0
BRDA:11,15,0,0
BRDA:11,15,1,0
BRDA:11,16,0,0
BRDA:11,16,1,0
BRDA:14,17,0,0
BRDA:14,17,1,0
BRDA:20,18,0,0
BRDA:20,18,1,0
BRDA:35,19,0,0
BRDA:35,19,1,0
BRDA:39,20,0,0
BRDA:39,20,1,0
BRDA:48,21,0,0
BRDA:48,21,1,0
BRF:45
BRH:0
end_of_record
TN:
SF:/Users/Jacob/Desktop/currency/app/components/TextInput/index.js
FN:2,_interopRequireDefault
FNF:1
FNH:0
FNDA:0,_interopRequireDefault
DA:1,0
DA:2,0
DA:4,0
LF:3
LH:0
BRDA:2,0,0,0
BRDA:2,0,1,0
BRDA:2,1,0,0
BRDA:2,1,1,0
BRF:4
BRH:0
end_of_record
TN:
SF:/Users/Jacob/Desktop/currency/app/components/TextInput/styles.js
FN:2,_interopRequireDefault
FNF:1
FNH:0
FNDA:0,_interopRequireDefault
DA:1,0
DA:2,0
DA:4,0
DA:5,0
LF:4
LH:0
BRDA:2,0,0,0
BRDA:2,0,1,0
BRDA:2,1,0,0
BRDA:2,1,1,0
BRF:4
BRH:0
end_of_record
TN:
SF:/Users/Jacob/Desktop/currency/app/config/Route.js
FN:6,_interopRequireDefault
FN:13,header
FN:37,navigationOptions
FNF:3
FNH:0
FNDA:0,_interopRequireDefault
FNDA:0,header
FNDA:0,navigationOptions
DA:1,0
DA:2,0
DA:3,0
DA:4,0
DA:5,0
DA:6,0
DA:8,0
DA:13,0
DA:34,0
DA:37,0
DA:38,0
LF:11
LH:0
BRDA:6,0,0,0
BRDA:6,0,1,0
BRDA:6,1,0,0
BRDA:6,1,1,0
BRF:4
BRH:0
end_of_record
TN:
SF:/Users/Jacob/Desktop/currency/app/config/saga.js
FN:11,getRate
FN:14,fetchConversionRate
FN:14,fetchConversionRate$
FN:15,(anonymous_3)
FN:26,(anonymous_4)
FN:40,clearConversionError
FN:40,clearConversionError$
FN:42,(anonymous_7)
FN:52,rootSaga
FN:52,rootSaga$
FNF:10
FNH:0
FNDA:0,getRate
FNDA:0,fetchConversionRate
FNDA:0,fetchConversionRate$
FNDA:0,(anonymous_3)
FNDA:0,(anonymous_4)
FNDA:0,clearConversionError
FNDA:0,clearConversionError$
FNDA:0,(anonymous_7)
FNDA:0,rootSaga
FNDA:0,rootSaga$
DA:1,0
DA:2,0
DA:3,0
DA:11,0
DA:14,0
DA:15,0
DA:16,0
DA:19,0
DA:24,0
DA:25,0
DA:26,0
DA:28,0
DA:29,0
DA:30,0
DA:31,0
DA:33,0
DA:36,0
DA:40,0
DA:41,0
DA:42,0
DA:43,0
DA:44,0
DA:47,0
DA:52,0
DA:53,0
DA:54,0
DA:55,0
DA:56,0
LF:28
LH:0
BRDA:14,0,0,0
BRDA:14,0,1,0
BRDA:14,0,2,0
BRDA:14,0,3,0
BRDA:14,0,4,0
BRDA:14,0,5,0
BRDA:14,0,6,0
BRDA:14,0,7,0
BRDA:14,0,8,0
BRDA:14,0,9,0
BRDA:14,0,10,0
BRDA:14,0,11,0
BRDA:14,0,12,0
BRDA:14,0,13,0
BRDA:15,1,0,0
BRDA:15,1,1,0
BRDA:16,2,0,0
BRDA:16,2,1,0
BRDA:24,3,0,0
BRDA:24,3,1,0
BRDA:29,4,0,0
BRDA:29,4,1,0
BRDA:40,5,0,0
BRDA:40,5,1,0
BRDA:40,5,2,0
BRDA:40,5,3,0
BRDA:40,5,4,0
BRDA:42,6,0,0
BRDA:42,6,1,0
BRDA:52,7,0,0
BRDA:52,7,1,0
BRDA:52,7,2,0
BRDA:52,7,3,0
BRDA:52,7,4,0
BRDA:52,7,5,0
BRF:35
BRH:0
end_of_record
TN:
SF:/Users/Jacob/Desktop/currency/app/config/store.js
FN:6,_interopRequireDefault
FNF:1
FNH:0
FNDA:0,_interopRequireDefault
DA:1,0
DA:2,0
DA:3,0
DA:4,0
DA:5,0
DA:6,0
DA:8,0
DA:9,0
DA:10,0
DA:11,0
DA:14,0
DA:16,0
DA:18,0
LF:13
LH:0
BRDA:6,0,0,0
BRDA:6,0,1,0
BRDA:6,1,0,0
BRDA:6,1,1,0
BRDA:10,2,0,0
BRDA:10,2,1,0
BRF:6
BRH:0
end_of_record
TN:
SF:/Users/Jacob/Desktop/currency/app/data/Currency.js
FNF:0
FNH:0
DA:1,0
DA:33,0
LF:2
LH:0
BRF:0
BRH:0
end_of_record
TN:
SF:/Users/Jacob/Desktop/currency/app/reducers/currencies.js
FN:1,(anonymous_0)
FN:1,_defineProperty
FN:19,setConversions
FN:36,reducer
FNF:4
FNH:0
FNDA:0,(anonymous_0)
FNDA:0,_defineProperty
FNDA:0,setConversions
FNDA:0,reducer
DA:1,0
DA:11,0
DA:19,0
DA:20,0
DA:26,0
DA:27,0
DA:30,0
DA:36,0
DA:37,0
DA:39,0
DA:45,0
DA:50,0
DA:56,0
DA:62,0
DA:67,0
DA:79,0
DA:84,0
DA:86,0
LF:18
LH:0
BRDA:1,0,0,0
BRDA:1,0,1,0
BRDA:1,1,0,0
BRDA:1,1,1,0
BRDA:1,2,0,0
BRDA:1,2,1,0
BRDA:26,3,0,0
BRDA:26,3,1,0
BRDA:36,4,0,0
BRDA:36,4,1,0
BRDA:36,5,0,0
BRDA:36,5,1,0
BRDA:37,6,0,0
BRDA:37,6,1,0
BRDA:37,6,2,0
BRDA:37,6,3,0
BRDA:37,6,4,0
BRDA:37,6,5,0
BRDA:37,6,6,0
BRDA:37,6,7,0
BRDA:47,7,0,0
BRDA:47,7,1,0
BRF:22
BRH:0
end_of_record
TN:
SF:/Users/Jacob/Desktop/currency/app/reducers/index.js
FN:6,_interopRequireDefault
FNF:1
FNH:0
FNDA:0,_interopRequireDefault
DA:1,0
DA:2,0
DA:3,0
DA:4,0
DA:5,0
DA:6,0
DA:8,0
DA:11,0
LF:8
LH:0
BRDA:6,0,0,0
BRDA:6,0,1,0
BRDA:6,1,0,0
BRDA:6,1,1,0
BRF:4
BRH:0
end_of_record
TN:
SF:/Users/Jacob/Desktop/currency/app/reducers/network.js
FN:1,(anonymous_0)
FN:8,isConnected
FN:15,network
FNF:3
FNH:0
FNDA:0,(anonymous_0)
FNDA:0,isConnected
FNDA:0,network
DA:1,0
DA:3,0
DA:8,0
DA:9,0
DA:10,0
DA:12,0
DA:15,0
DA:16,0
DA:18,0
DA:24,0
DA:26,0
LF:11
LH:0
BRDA:1,0,0,0
BRDA:1,0,1,0
BRDA:1,1,0,0
BRDA:1,1,1,0
BRDA:9,2,0,0
BRDA:9,2,1,0
BRDA:15,3,0,0
BRDA:15,3,1,0
BRDA:15,4,0,0
BRDA:15,4,1,0
BRDA:16,5,0,0
BRDA:16,5,1,0
BRF:12
BRH:0
end_of_record
TN:
SF:/Users/Jacob/Desktop/currency/app/reducers/themes.js
FN:1,(anonymous_0)
FN:7,themeReducer
FNF:2
FNH:0
FNDA:0,(anonymous_0)
FNDA:0,themeReducer
DA:1,0
DA:3,0
DA:7,0
DA:8,0
DA:10,0
DA:15,0
DA:17,0
LF:7
LH:0
BRDA:1,0,0,0
BRDA:1,0,1,0
BRDA:1,1,0,0
BRDA:1,1,1,0
BRDA:7,2,0,0
BRDA:7,2,1,0
BRDA:7,3,0,0
BRDA:7,3,1,0
BRDA:8,4,0,0
BRDA:8,4,1,0
BRF:10
BRH:0
end_of_record
TN:
SF:/Users/Jacob/Desktop/currency/app/screen/CurrencyList.js
FN:1,(anonymous_0)
FN:1,defineProperties
FN:1,(anonymous_2)
FN:7,_interopRequireDefault
FN:7,_classCallCheck
FN:7,_possibleConstructorReturn
FN:7,_inherits
FN:19,(anonymous_7)
FN:19,(anonymous_8)
FN:19,CurrencyList
FN:27,(anonymous_10)
FN:35,render
FN:48,renderItem
FN:53,onPress
FN:56,keyExtractor
FNF:15
FNH:0
FNDA:0,(anonymous_0)
FNDA:0,defineProperties
FNDA:0,(anonymous_2)
FNDA:0,_interopRequireDefault
FNDA:0,_classCallCheck
FNDA:0,_possibleConstructorReturn
FNDA:0,_inherits
FNDA:0,(anonymous_7)
FNDA:0,(anonymous_8)
FNDA:0,CurrencyList
FNDA:0,(anonymous_10)
FNDA:0,render
FNDA:0,renderItem
FNDA:0,onPress
FNDA:0,keyExtractor
DA:1,0
DA:2,0
DA:3,0
DA:4,0
DA:5,0
DA:6,0
DA:7,0
DA:19,0
DA:28,0
DA:29,0
DA:30,0
DA:31,0
DA:32,0
DA:34,0
DA:35,0
DA:36,0
DA:37,0
DA:38,0
DA:39,0
DA:40,0
DA:43,0
DA:48,0
DA:53,0
DA:56,0
DA:61,0
LF:25
LH:0
BRDA:1,0,0,0
BRDA:1,0,1,0
BRDA:1,1,0,0
BRDA:1,1,1,0
BRDA:1,2,0,0
BRDA:1,2,1,0
BRDA:1,3,0,0
BRDA:1,3,1,0
BRDA:7,4,0,0
BRDA:7,4,1,0
BRDA:7,5,0,0
BRDA:7,5,1,0
BRDA:7,6,0,0
BRDA:7,6,1,0
BRDA:7,7,0,0
BRDA:7,7,1,0
BRDA:7,8,0,0
BRDA:7,8,1,0
BRDA:7,9,0,0
BRDA:7,9,1,0
BRDA:7,9,2,0
BRDA:7,10,0,0
BRDA:7,10,1,0
BRDA:7,11,0,0
BRDA:7,11,1,0
BRDA:7,12,0,0
BRDA:7,12,1,0
BRDA:7,13,0,0
BRDA:7,13,1,0
BRDA:7,14,0,0
BRDA:7,14,1,0
BRDA:19,15,0,0
BRDA:19,15,1,0
BRDA:19,16,0,0
BRDA:19,16,1,0
BRDA:29,17,0,0
BRDA:29,17,1,0
BRDA:31,18,0,0
BRDA:31,18,1,0
BRDA:39,19,0,0
BRDA:39,19,1,0
BRF:41
BRH:0
end_of_record
TN:
SF:/Users/Jacob/Desktop/currency/app/screen/Home.js
FN:1,(anonymous_0)
FN:1,defineProperties
FN:1,(anonymous_2)
FN:20,_interopRequireDefault
FN:20,_classCallCheck
FN:20,_possibleConstructorReturn
FN:20,_inherits
FN:47,(anonymous_7)
FN:47,(anonymous_8)
FN:62,Home
FN:71,componentWillMount
FN:76,componentWillReceiveProps
FN:85,componentWillUnmount
FN:89,handleNetworkChange
FN:93,handleNetworkWarningPress
FN:101,handleBaseCurrencyPress
FN:108,handleQuoteCurrencyPress
FN:115,handleChangeText
FN:119,handleReverseButton
FN:123,handleOptionPress
FN:127,render
FNF:21
FNH:0
FNDA:0,(anonymous_0)
FNDA:0,defineProperties
FNDA:0,(anonymous_2)
FNDA:0,_interopRequireDefault
FNDA:0,_classCallCheck
FNDA:0,_possibleConstructorReturn
FNDA:0,_inherits
FNDA:0,(anonymous_7)
FNDA:0,(anonymous_8)
FNDA:0,Home
FNDA:0,componentWillMount
FNDA:0,componentWillReceiveProps
FNDA:0,componentWillUnmount
FNDA:0,handleNetworkChange
FNDA:0,handleNetworkWarningPress
FNDA:0,handleBaseCurrencyPress
FNDA:0,handleQuoteCurrencyPress
FNDA:0,handleChangeText
FNDA:0,handleReverseButton
FNDA:0,handleOptionPress
FNDA:0,render
DA:1,0
DA:2,0
DA:3,0
DA:4,0
DA:5,0
DA:6,0
DA:7,0
DA:8,0
DA:9,0
DA:10,0
DA:11,0
DA:12,0
DA:14,0
DA:20,0
DA:47,0
DA:62,0
DA:64,0
DA:65,0
DA:66,0
DA:67,0
DA:68,0
DA:69,0
DA:70,0
DA:71,0
DA:74,0
DA:75,0
DA:79,0
DA:83,0
DA:88,0
DA:92,0
DA:96,0
DA:104,0
DA:111,0
DA:118,0
DA:122,0
DA:126,0
DA:137,0
DA:138,0
DA:139,0
DA:140,0
DA:142,0
DA:186,0
LF:42
LH:0
BRDA:1,0,0,0
BRDA:1,0,1,0
BRDA:1,1,0,0
BRDA:1,1,1,0
BRDA:1,2,0,0
BRDA:1,2,1,0
BRDA:1,3,0,0
BRDA:1,3,1,0
BRDA:20,4,0,0
BRDA:20,4,1,0
BRDA:20,5,0,0
BRDA:20,5,1,0
BRDA:20,6,0,0
BRDA:20,6,1,0
BRDA:20,7,0,0
BRDA:20,7,1,0
BRDA:20,8,0,0
BRDA:20,8,1,0
BRDA:20,9,0,0
BRDA:20,9,1,0
BRDA:20,9,2,0
BRDA:20,10,0,0
BRDA:20,10,1,0
BRDA:20,11,0,0
BRDA:20,11,1,0
BRDA:20,12,0,0
BRDA:20,12,1,0
BRDA:20,13,0,0
BRDA:20,13,1,0
BRDA:20,14,0,0
BRDA:20,14,1,0
BRDA:47,15,0,0
BRDA:47,15,1,0
BRDA:47,16,0,0
BRDA:47,16,1,0
BRDA:47,17,0,0
BRDA:47,17,1,0
BRDA:47,18,0,0
BRDA:47,18,1,0
BRDA:62,19,0,0
BRDA:62,19,1,0
BRDA:79,20,0,0
BRDA:79,20,1,0
BRDA:80,21,0,0
BRDA:80,21,1,0
BRDA:139,22,0,0
BRDA:139,22,1,0
BRF:47
BRH:0
end_of_record
TN:
SF:/Users/Jacob/Desktop/currency/app/screen/Options.js
FN:1,(anonymous_0)
FN:1,defineProperties
FN:1,(anonymous_2)
FN:6,_interopRequireDefault
FN:6,_classCallCheck
FN:6,_possibleConstructorReturn
FN:6,_inherits
FN:12,(anonymous_7)
FN:12,Option
FN:17,(anonymous_9)
FN:21,(anonymous_10)
FN:22,(anonymous_11)
FN:24,render
FNF:13
FNH:0
FNDA:0,(anonymous_0)
FNDA:0,defineProperties
FNDA:0,(anonymous_2)
FNDA:0,_interopRequireDefault
FNDA:0,_classCallCheck
FNDA:0,_possibleConstructorReturn
FNDA:0,_inherits
FNDA:0,(anonymous_7)
FNDA:0,Option
FNDA:0,(anonymous_9)
FNDA:0,(anonymous_10)
FNDA:0,(anonymous_11)
FNDA:0,render
DA:1,0
DA:2,0
DA:3,0
DA:4,0
DA:5,0
DA:6,0
DA:8,0
DA:9,0
DA:10,0
DA:12,0
DA:18,0
DA:22,0
DA:24,0
DA:27,0
DA:56,0
LF:15
LH:0
BRDA:1,0,0,0
BRDA:1,0,1,0
BRDA:1,1,0,0
BRDA:1,1,1,0
BRDA:1,2,0,0
BRDA:1,2,1,0
BRDA:1,3,0,0
BRDA:1,3,1,0
BRDA:6,4,0,0
BRDA:6,4,1,0
BRDA:6,5,0,0
BRDA:6,5,1,0
BRDA:6,6,0,0
BRDA:6,6,1,0
BRDA:6,7,0,0
BRDA:6,7,1,0
BRDA:6,8,0,0
BRDA:6,8,1,0
BRDA:6,9,0,0
BRDA:6,9,1,0
BRDA:6,9,2,0
BRDA:6,10,0,0
BRDA:6,10,1,0
BRDA:6,11,0,0
BRDA:6,11,1,0
BRDA:6,12,0,0
BRDA:6,12,1,0
BRDA:6,13,0,0
BRDA:6,13,1,0
BRDA:6,14,0,0
BRDA:6,14,1,0
BRDA:8,15,0,0
BRDA:8,15,1,0
BRDA:12,16,0,0
BRDA:12,16,1,0
BRF:35
BRH:0
end_of_record
TN:
SF:/Users/Jacob/Desktop/currency/app/screen/Theme.js
FN:1,(anonymous_0)
FN:1,defineProperties
FN:1,(anonymous_2)
FN:7,_interopRequireDefault
FN:7,_classCallCheck
FN:7,_possibleConstructorReturn
FN:7,_inherits
FN:16,(anonymous_7)
FN:22,Theme
FN:25,handleColorPress
FN:29,render
FN:37,onPress
FN:45,onPress
FN:53,onPress
FN:61,onPress
FNF:15
FNH:0
FNDA:0,(anonymous_0)
FNDA:0,defineProperties
FNDA:0,(anonymous_2)
FNDA:0,_interopRequireDefault
FNDA:0,_classCallCheck
FNDA:0,_possibleConstructorReturn
FNDA:0,_inherits
FNDA:0,(anonymous_7)
FNDA:0,Theme
FNDA:0,handleColorPress
FNDA:0,render
FNDA:0,onPress
FNDA:0,onPress
FNDA:0,onPress
FNDA:0,onPress
DA:1,0
DA:2,0
DA:3,0
DA:4,0
DA:5,0
DA:6,0
DA:7,0
DA:9,0
DA:16,0
DA:22,0
DA:24,0
DA:25,0
DA:27,0
DA:28,0
DA:31,0
DA:32,0
DA:37,0
DA:45,0
DA:53,0
DA:61,0
DA:69,0
LF:21
LH:0
BRDA:1,0,0,0
BRDA:1,0,1,0
BRDA:1,1,0,0
BRDA:1,1,1,0
BRDA:1,2,0,0
BRDA:1,2,1,0
BRDA:1,3,0,0
BRDA:1,3,1,0
BRDA:7,4,0,0
BRDA:7,4,1,0
BRDA:7,5,0,0
BRDA:7,5,1,0
BRDA:7,6,0,0
BRDA:7,6,1,0
BRDA:7,7,0,0
BRDA:7,7,1,0
BRDA:7,8,0,0
BRDA:7,8,1,0
BRDA:7,9,0,0
BRDA:7,9,1,0
BRDA:7,9,2,0
BRDA:7,10,0,0
BRDA:7,10,1,0
BRDA:7,11,0,0
BRDA:7,11,1,0
BRDA:7,12,0,0
BRDA:7,12,1,0
BRDA:7,13,0,0
BRDA:7,13,1,0
BRDA:7,14,0,0
BRDA:7,14,1,0
BRDA:22,15,0,0
BRDA:22,15,1,0
BRF:33
BRH:0
end_of_record
